#
# A fatal error has been detected by the Java Runtime Environment:
#
#  Internal Error (0xc000000d), pid=7256, tid=10008
#
# JRE version: Java(TM) SE Runtime Environment (14.0.1+7) (build 14.0.1+7)
# Java VM: Java HotSpot(TM) 64-Bit Server VM (14.0.1+7, mixed mode, sharing, tiered, compressed oops, g1 gc, windows-amd64)
# Problematic frame:
# C  [ntdll.dll+0x10f260]
#
# No core dump will be written. Minidumps are not enabled by default on client versions of Windows
#
# If you would like to submit a bug report, please visit:
#   https://bugreport.java.com/bugreport/crash.jsp
#

---------------  S U M M A R Y ------------

Command Line: -Djava.library.path=E:\\opcv\\opencv\\build\\java\\x64; -XX:TieredStopAtLevel=1 -Xverify:none -Dspring.output.ansi.enabled=always -Dcom.sun.management.jmxremote -Dspring.jmx.enabled=true -Dspring.liveBeansView.mbeanDomain -Dspring.application.admin.enabled=true -javaagent:D:\IntelliJ IDEA 2019.3.5\lib\idea_rt.jar=54130:D:\IntelliJ IDEA 2019.3.5\bin -Dfile.encoding=UTF-8 com.biye.demo.DemoApplication

Host: AMD Ryzen 5 4600H with Radeon Graphics         , 12 cores, 15G,  Windows 10 , 64 bit Build 18362 (10.0.18362.329)
Time: Mon May 25 20:28:12 2020 ?D1¨²¡À¨º¡Á?¨º¡À?? elapsed time: 124 seconds (0d 0h 2m 4s)

---------------  T H R E A D  ---------------

Current thread (0x0000022a1fa73800):  VMThread "VM Thread" [stack: 0x000000b11a900000,0x000000b11aa00000] [id=10008]

Stack: [0x000000b11a900000,0x000000b11aa00000],  sp=0x000000b11a9fe610,  free space=1017k
Native frames: (J=compiled Java code, j=interpreted, Vv=VM code, C=native code)
C  [ntdll.dll+0x10f260]
C  [ntdll.dll+0x365bb]
C  [ntdll.dll+0x36604]
C  [RTWorkQ.DLL+0xa7a9]


siginfo: EXCEPTION_?? (0xc000000d)


Register to memory mapping:

RIP=0x00007ffbad08f260 ntdll.dll
RAX=0x0 is NULL
RBX=0x0000022a2341b680 points into unknown readable memory: 01 00 00 00 00 00 00 00
RCX=0x0 is NULL
RDX=0x0 is NULL
RSP=0x000000b11a9fe610 points into unknown readable memory: 57 00 00 00 00 00 00 00
RBP=0x0000022a7fda8060 points into unknown readable memory: 08 80 19 a4 fb 7f 00 00
RSI=0x0000022a7fda8298 points into unknown readable memory: 40 84 19 a4 fb 7f 00 00
RDI=0x0000022a7fdaa070 points into unknown readable memory: 00 00 00 00 00 00 00 00
R8 =0x0 is NULL
R9 =0x0 is NULL
R10=0x0 is NULL
R11=0x0 is NULL
R12=0x0 is NULL
R13=0x0 is NULL
R14=0x0000022a7fdbfc80 points into unknown readable memory: 20 86 19 a4 fb 7f 00 00
R15=0x0000022a7fd92f40 points into unknown readable memory: d0 85 19 a4 fb 7f 00 00


Registers:
RAX=0x0000000000000000, RBX=0x0000022a2341b680, RCX=0x0000000000000000, RDX=0x0000000000000000
RSP=0x000000b11a9fe610, RBP=0x0000022a7fda8060, RSI=0x0000022a7fda8298, RDI=0x0000022a7fdaa070
R8 =0x0000000000000000, R9 =0x0000000000000000, R10=0x0000000000000000, R11=0x0000000000000000
R12=0x0000000000000000, R13=0x0000000000000000, R14=0x0000022a7fdbfc80, R15=0x0000022a7fd92f40
RIP=0x00007ffbad08f260, EFLAGS=0x0000000000000206

Top of Stack: (sp=0x000000b11a9fe610)
0x000000b11a9fe610:   0000000000000057 0000022a2341b680
0x000000b11a9fe620:   0000022a7fda8298 00007ffbacfad04a
0x000000b11a9fe630:   00000000c000000d 0000000000000000
0x000000b11a9fe640:   00007ffbad08f260 0000000000000000
0x000000b11a9fe650:   0000000000000000 0000000000000000
0x000000b11a9fe660:   0000000000000000 0000000000000000
0x000000b11a9fe670:   0000000000000000 0000000000000000
0x000000b11a9fe680:   0000000000000000 0000000000000000
0x000000b11a9fe690:   0000000000000000 0000000000000000
0x000000b11a9fe6a0:   0000000000000000 0000000000000000
0x000000b11a9fe6b0:   0000000000000000 0000000000000000
0x000000b11a9fe6c0:   0000000000000000 0000000000000000
0x000000b11a9fe6d0:   000031cee5d45df8 0000000000000000
0x000000b11a9fe6e0:   0000000000000000 00007ffbacfb65bb
0x000000b11a9fe6f0:   0000000000000000 0000000000000000
0x000000b11a9fe700:   0000000000000000 0000000000000000 

Instructions: (pc=0x00007ffbad08f260)
0x00007ffbad08f160:   5f c3 cc cc cc cc cc cc 48 81 ec d8 00 00 00 48
0x00007ffbad08f170:   8b 05 6a e3 06 00 48 33 c4 48 89 84 24 c0 00 00
0x00007ffbad08f180:   00 4d 85 c0 74 33 4d 8b 48 50 48 8d 05 ef f8 f1
0x00007ffbad08f190:   ff c7 44 24 38 05 00 00 00 4c 3b c8 75 0a 49 8b
0x00007ffbad08f1a0:   40 58 4c 8b 50 20 eb 03 45 33 d2 4d 85 d2 4d 0f
0x00007ffbad08f1b0:   45 ca 4c 89 4c 24 60 eb 08 c7 44 24 38 04 00 00
0x00007ffbad08f1c0:   00 48 83 64 24 28 00 48 83 64 24 58 00 48 63 c1
0x00007ffbad08f1d0:   48 8d 4c 24 20 48 89 44 24 40 c7 44 24 20 0a 07
0x00007ffbad08f1e0:   00 c0 48 89 54 24 48 4c 89 44 24 50 c7 44 24 24
0x00007ffbad08f1f0:   01 00 00 00 e8 f7 ac f5 ff 48 8b 8c 24 c0 00 00
0x00007ffbad08f200:   00 48 33 cc e8 a7 cf f7 ff 48 81 c4 d8 00 00 00
0x00007ffbad08f210:   c3 cc cc cc cc cc cc cc 48 81 ec d8 00 00 00 48
0x00007ffbad08f220:   8b 05 ba e2 06 00 48 33 c4 48 89 84 24 c0 00 00
0x00007ffbad08f230:   00 33 d2 41 b8 94 00 00 00 48 8d 4c 24 24 e8 bd
0x00007ffbad08f240:   3d f9 ff c7 44 24 20 0d 00 00 c0 b9 57 00 00 00
0x00007ffbad08f250:   e8 3b 43 f4 ff 90 48 8d 4c 24 20 e8 90 ac f5 ff
0x00007ffbad08f260:   eb 00 48 8b 8c 24 c0 00 00 00 48 33 cc e8 3e cf
0x00007ffbad08f270:   f7 ff 48 81 c4 d8 00 00 00 c3 40 55 48 83 ec 20
0x00007ffbad08f280:   48 8b ea e8 10 00 00 00 90 48 83 c4 20 5d c3 cc
0x00007ffbad08f290:   cc cc cc cc cc cc cc cc 48 83 ec 28 48 8b 51 08
0x00007ffbad08f2a0:   41 b8 03 00 00 00 48 8b 09 e8 c2 c8 fc ff 33 c0
0x00007ffbad08f2b0:   48 83 c4 28 c3 cc cc cc cc cc cc cc 48 8b 01 48
0x00007ffbad08f2c0:   83 c9 ff 8b 10 e9 66 d3 f8 ff cc cc cc cc cc cc
0x00007ffbad08f2d0:   4c 8b dc 48 81 ec 88 00 00 00 48 8b 05 ff e1 06
0x00007ffbad08f2e0:   00 48 33 c4 48 89 44 24 70 48 8b 84 24 b0 00 00
0x00007ffbad08f2f0:   00 41 ba 24 1c 00 00 49 89 43 d8 8b 84 24 b8 00
0x00007ffbad08f300:   00 00 66 45 89 53 9e 49 89 4b b8 49 89 53 c0 4d
0x00007ffbad08f310:   89 43 c8 4d 89 4b d0 89 44 24 68 e8 90 09 f3 ff
0x00007ffbad08f320:   85 c0 74 19 65 48 8b 04 25 60 00 00 00 48 8b 88
0x00007ffbad08f330:   90 00 00 00 48 81 c1 2c 02 00 00 eb 05 b9 86 03
0x00007ffbad08f340:   fe 7f 0f b6 09 4c 8d 4c 24 20 ba 03 04 00 00 41
0x00007ffbad08f350:   b8 2c 00 00 00 e8 06 d9 f8 ff 48 8b 4c 24 70 48 


Stack slot to memory mapping:
stack at sp + 0 slots: 0x0000000000000057 is an unknown value
stack at sp + 1 slots: 0x0000022a2341b680 points into unknown readable memory: 01 00 00 00 00 00 00 00
stack at sp + 2 slots: 0x0000022a7fda8298 points into unknown readable memory: 40 84 19 a4 fb 7f 00 00
stack at sp + 3 slots: 0x00007ffbacfad04a ntdll.dll
stack at sp + 4 slots: 0x00000000c000000d is an unknown value
stack at sp + 5 slots: 0x0 is NULL
stack at sp + 6 slots: 0x00007ffbad08f260 ntdll.dll
stack at sp + 7 slots: 0x0 is NULL

VM_Operation (0x000000b11f0fe6b0): Exit, mode: safepoint, requested by thread 0x0000022a213be800


---------------  P R O C E S S  ---------------

Threads class SMR info:
_java_thread_list=0x0000022a230310a0, length=22, elements={
0x0000022a1fa77800, 0x0000022a1fa7a000, 0x0000022a1fa9e800, 0x0000022a1faa3800,
0x0000022a1faa4800, 0x0000022a1faa5800, 0x0000022a1faa8800, 0x0000022a1fbd0800,
0x0000022a20145000, 0x0000022a20146000, 0x0000022a2042d000, 0x0000022a20b1c000,
0x0000022a22e32000, 0x0000022a22e3a800, 0x0000022a22e38000, 0x0000022a22e39000,
0x0000022a22e39800, 0x0000022a22e3b000, 0x0000022a213c0000, 0x0000022a213be800,
0x0000022a213bd000, 0x0000022a2bf88800
}

Java Threads: ( => current thread )
  0x0000022a1fa77800 JavaThread "Reference Handler" daemon [_thread_blocked, id=18104, stack(0x000000b11aa00000,0x000000b11ab00000)]
  0x0000022a1fa7a000 JavaThread "Finalizer" daemon [_thread_blocked, id=7108, stack(0x000000b11ab00000,0x000000b11ac00000)]
  0x0000022a1fa9e800 JavaThread "Signal Dispatcher" daemon [_thread_blocked, id=20056, stack(0x000000b11ac00000,0x000000b11ad00000)]
  0x0000022a1faa3800 JavaThread "Attach Listener" daemon [_thread_blocked, id=4036, stack(0x000000b11ad00000,0x000000b11ae00000)]
  0x0000022a1faa4800 JavaThread "Service Thread" daemon [_thread_blocked, id=14068, stack(0x000000b11ae00000,0x000000b11af00000)]
  0x0000022a1faa5800 JavaThread "C1 CompilerThread0" daemon [_thread_blocked, id=5672, stack(0x000000b11af00000,0x000000b11b000000)]
  0x0000022a1faa8800 JavaThread "Sweeper thread" daemon [_thread_blocked, id=14356, stack(0x000000b11b000000,0x000000b11b100000)]
  0x0000022a1fbd0800 JavaThread "Common-Cleaner" daemon [_thread_blocked, id=7224, stack(0x000000b11b100000,0x000000b11b200000)]
  0x0000022a20145000 JavaThread "Monitor Ctrl-Break" daemon [_thread_in_native, id=2248, stack(0x000000b11b200000,0x000000b11b300000)]
  0x0000022a20146000 JavaThread "Notification Thread" daemon [_thread_blocked, id=12852, stack(0x000000b11b300000,0x000000b11b400000)]
  0x0000022a2042d000 JavaThread "RMI TCP Accept-0" daemon [_thread_in_native, id=12328, stack(0x000000b11b400000,0x000000b11b500000)]
  0x0000022a20b1c000 JavaThread "RMI Scheduler(0)" daemon [_thread_blocked, id=7824, stack(0x000000b11c000000,0x000000b11c100000)]
  0x0000022a22e32000 JavaThread "Live Reload Server" daemon [_thread_in_native, id=7272, stack(0x000000b11d200000,0x000000b11d300000)]
  0x0000022a22e3a800 JavaThread "DestroyJavaVM" [_thread_blocked, id=5624, stack(0x000000b11a300000,0x000000b11a400000)]
  0x0000022a22e38000 JavaThread "Thread-8" daemon [_thread_blocked, id=6996, stack(0x000000b11a000000,0x000000b11a100000)]
  0x0000022a22e39000 JavaThread "Thread-9" daemon [_thread_in_native, id=12864, stack(0x000000b11a100000,0x000000b11a200000)]
  0x0000022a22e39800 JavaThread "JavaCPP Deallocator" daemon [_thread_blocked, id=9760, stack(0x000000b11a200000,0x000000b11a300000)]
  0x0000022a22e3b000 JavaThread "Java2D Disposer" daemon [_thread_blocked, id=14504, stack(0x000000b11e400000,0x000000b11e500000)]
  0x0000022a213c0000 JavaThread "AWT-Shutdown" [_thread_blocked, id=19388, stack(0x000000b11e500000,0x000000b11e600000)]
  0x0000022a213be800 JavaThread "AWT-EventQueue-0" [_thread_blocked, id=18196, stack(0x000000b11f000000,0x000000b11f100000)]
  0x0000022a213bd000 JavaThread "Keep-Alive-Timer" daemon [_thread_blocked, id=3852, stack(0x000000b11f200000,0x000000b11f300000)]
  0x0000022a2bf88800 JavaThread "mysql-cj-abandoned-connection-cleanup" daemon [_thread_blocked, id=2076, stack(0x000000b11cc00000,0x000000b11cd00000)]

Other Threads:
=>0x0000022a1fa73800 VMThread "VM Thread" [stack: 0x000000b11a900000,0x000000b11aa00000] [id=10008]
  0x0000022a7b27d800 GCTaskThread "GC Thread#0" [stack: 0x000000b11a400000,0x000000b11a500000] [id=17320]
  0x0000022a2058c800 GCTaskThread "GC Thread#1" [stack: 0x000000b11b600000,0x000000b11b700000] [id=5216]
  0x0000022a205b0800 GCTaskThread "GC Thread#2" [stack: 0x000000b11b700000,0x000000b11b800000] [id=17020]
  0x0000022a205c5800 GCTaskThread "GC Thread#3" [stack: 0x000000b11b800000,0x000000b11b900000] [id=12316]
  0x0000022a205c6000 GCTaskThread "GC Thread#4" [stack: 0x000000b11b900000,0x000000b11ba00000] [id=19576]
  0x0000022a20b1d000 GCTaskThread "GC Thread#5" [stack: 0x000000b11c100000,0x000000b11c200000] [id=20008]
  0x0000022a20b2f000 GCTaskThread "GC Thread#6" [stack: 0x000000b11c200000,0x000000b11c300000] [id=16120]
  0x0000022a20b24000 GCTaskThread "GC Thread#7" [stack: 0x000000b11c300000,0x000000b11c400000] [id=2228]
  0x0000022a22c03000 GCTaskThread "GC Thread#8" [stack: 0x000000b11ca00000,0x000000b11cb00000] [id=17000]
  0x0000022a22c37000 GCTaskThread "GC Thread#9" [stack: 0x000000b11cb00000,0x000000b11cc00000] [id=7872]
  0x0000022a7b29e800 ConcurrentGCThread "G1 Main Marker" [stack: 0x000000b11a500000,0x000000b11a600000] [id=7116]
  0x0000022a7b2a1800 ConcurrentGCThread "G1 Conc#0" [stack: 0x000000b11a600000,0x000000b11a700000] [id=12776]
  0x0000022a211de800 ConcurrentGCThread "G1 Conc#1" [stack: 0x000000b11be00000,0x000000b11bf00000] [id=11772]
  0x0000022a20b42800 ConcurrentGCThread "G1 Conc#2" [stack: 0x000000b11c400000,0x000000b11c500000] [id=9344]
  0x0000022a7f34d800 ConcurrentGCThread "G1 Refine#0" [stack: 0x000000b11a700000,0x000000b11a800000] [id=15564]
  0x0000022a1fd3e000 ConcurrentGCThread "G1 Refine#1" [stack: 0x000000b11ba00000,0x000000b11bb00000] [id=17132]
  0x0000022a205bb000 ConcurrentGCThread "G1 Refine#2" [stack: 0x000000b11bb00000,0x000000b11bc00000] [id=16852]
  0x0000022a22eed800 ConcurrentGCThread "G1 Refine#3" [stack: 0x000000b11e600000,0x000000b11e700000] [id=20356]
  0x0000022a7f34e800 ConcurrentGCThread "G1 Young RemSet Sampling" [stack: 0x000000b11a800000,0x000000b11a900000] [id=10300]

Threads with active compile tasks:

VM state:at safepoint (shutting down)

VM Mutex/Monitor currently owned by a thread:  ([mutex/lock_event])
[0x0000022a7b211cf0] Threads_lock - owner thread: 0x0000022a1fa73800
[0x0000022a7b210310] Heap_lock - owner thread: 0x0000022a213be800

Heap address: 0x000000070a000000, size: 3936 MB, Compressed Oops mode: Zero based, Oop shift amount: 3
Narrow klass base: 0x0000000800000000, Narrow klass shift: 3
Compressed class space size: 1073741824 Address: 0x0000000800b30000

Heap:
 garbage-first heap   total 65536K, used 36765K [0x000000070a000000, 0x0000000800000000)
  region size 1024K, 7 young (7168K), 2 survivors (2048K)
 Metaspace       used 52458K, capacity 53979K, committed 54060K, reserved 1095680K
  class space    used 6711K, capacity 7270K, committed 7296K, reserved 1048576K
Heap Regions: E=young(eden), S=young(survivor), O=old, HS=humongous(starts), HC=humongous(continues), CS=collection set, F=free, OA=open archive, CA=closed archive, TAMS=top-at-mark-start (previous, next)
|   0|0x000000070a000000, 0x000000070a100000, 0x000000070a100000|100%|HS|  |TAMS 0x000000070a000000, 0x000000070a000000| Complete 
|   1|0x000000070a100000, 0x000000070a200000, 0x000000070a200000|100%| O|  |TAMS 0x000000070a200000, 0x000000070a100000| Untracked 
|   2|0x000000070a200000, 0x000000070a300000, 0x000000070a300000|100%| O|  |TAMS 0x000000070a300000, 0x000000070a200000| Untracked 
|   3|0x000000070a300000, 0x000000070a400000, 0x000000070a400000|100%| O|  |TAMS 0x000000070a400000, 0x000000070a300000| Untracked 
|   4|0x000000070a400000, 0x000000070a500000, 0x000000070a500000|100%| O|  |TAMS 0x000000070a500000, 0x000000070a400000| Untracked 
|   5|0x000000070a500000, 0x000000070a600000, 0x000000070a600000|100%| O|  |TAMS 0x000000070a600000, 0x000000070a500000| Untracked 
|   6|0x000000070a600000, 0x000000070a700000, 0x000000070a700000|100%| O|  |TAMS 0x000000070a700000, 0x000000070a600000| Untracked 
|   7|0x000000070a700000, 0x000000070a700000, 0x000000070a800000|  0%| F|  |TAMS 0x000000070a700000, 0x000000070a700000| Untracked 
|   8|0x000000070a800000, 0x000000070a900000, 0x000000070a900000|100%| O|  |TAMS 0x000000070a900000, 0x000000070a800000| Untracked 
|   9|0x000000070a900000, 0x000000070aa00000, 0x000000070aa00000|100%| O|  |TAMS 0x000000070aa00000, 0x000000070a900000| Untracked 
|  10|0x000000070aa00000, 0x000000070ab00000, 0x000000070ab00000|100%| O|  |TAMS 0x000000070ab00000, 0x000000070aa00000| Untracked 
|  11|0x000000070ab00000, 0x000000070ac00000, 0x000000070ac00000|100%| O|  |TAMS 0x000000070ac00000, 0x000000070ab00000| Untracked 
|  12|0x000000070ac00000, 0x000000070ad00000, 0x000000070ad00000|100%| O|  |TAMS 0x000000070ad00000, 0x000000070ac00000| Untracked 
|  13|0x000000070ad00000, 0x000000070ad00000, 0x000000070ae00000|  0%| F|  |TAMS 0x000000070ad00000, 0x000000070ad00000| Untracked 
|  14|0x000000070ae00000, 0x000000070af00000, 0x000000070af00000|100%| O|  |TAMS 0x000000070af00000, 0x000000070ae00000| Untracked 
|  15|0x000000070af00000, 0x000000070b000000, 0x000000070b000000|100%| O|  |TAMS 0x000000070b000000, 0x000000070af00000| Untracked 
|  16|0x000000070b000000, 0x000000070b100000, 0x000000070b100000|100%| O|  |TAMS 0x000000070b100000, 0x000000070b000000| Untracked 
|  17|0x000000070b100000, 0x000000070b200000, 0x000000070b200000|100%| O|  |TAMS 0x000000070b200000, 0x000000070b100000| Untracked 
|  18|0x000000070b200000, 0x000000070b300000, 0x000000070b300000|100%| O|  |TAMS 0x000000070b300000, 0x000000070b200000| Untracked 
|  19|0x000000070b300000, 0x000000070b400000, 0x000000070b400000|100%| O|  |TAMS 0x000000070b400000, 0x000000070b300000| Untracked 
|  20|0x000000070b400000, 0x000000070b500000, 0x000000070b500000|100%| O|  |TAMS 0x000000070b500000, 0x000000070b400000| Untracked 
|  21|0x000000070b500000, 0x000000070b500000, 0x000000070b600000|  0%| F|  |TAMS 0x000000070b500000, 0x000000070b500000| Untracked 
|  22|0x000000070b600000, 0x000000070b700000, 0x000000070b700000|100%| O|  |TAMS 0x000000070b700000, 0x000000070b600000| Untracked 
|  23|0x000000070b700000, 0x000000070b800000, 0x000000070b800000|100%| O|  |TAMS 0x000000070b800000, 0x000000070b700000| Untracked 
|  24|0x000000070b800000, 0x000000070b900000, 0x000000070b900000|100%| O|  |TAMS 0x000000070b900000, 0x000000070b800000| Untracked 
|  25|0x000000070b900000, 0x000000070ba00000, 0x000000070ba00000|100%| O|  |TAMS 0x000000070ba00000, 0x000000070b900000| Untracked 
|  26|0x000000070ba00000, 0x000000070bb00000, 0x000000070bb00000|100%| O|  |TAMS 0x000000070bb00000, 0x000000070ba00000| Untracked 
|  27|0x000000070bb00000, 0x000000070bc00000, 0x000000070bc00000|100%|HS|  |TAMS 0x000000070bc00000, 0x000000070bb00000| Complete 
|  28|0x000000070bc00000, 0x000000070bc00000, 0x000000070bd00000|  0%| F|  |TAMS 0x000000070bc00000, 0x000000070bc00000| Untracked 
|  29|0x000000070bd00000, 0x000000070bd00000, 0x000000070be00000|  0%| F|  |TAMS 0x000000070bd00000, 0x000000070bd00000| Untracked 
|  30|0x000000070be00000, 0x000000070bf00000, 0x000000070bf00000|100%| O|  |TAMS 0x000000070bf00000, 0x000000070be00000| Untracked 
|  31|0x000000070bf00000, 0x000000070c000000, 0x000000070c000000|100%| O|  |TAMS 0x000000070c000000, 0x000000070bf00000| Untracked 
|  32|0x000000070c000000, 0x000000070c100000, 0x000000070c100000|100%| O|  |TAMS 0x000000070c100000, 0x000000070c000000| Untracked 
|  33|0x000000070c100000, 0x000000070c200000, 0x000000070c200000|100%| O|  |TAMS 0x000000070c200000, 0x000000070c100000| Untracked 
|  34|0x000000070c200000, 0x000000070c300000, 0x000000070c300000|100%|HS|  |TAMS 0x000000070c300000, 0x000000070c200000| Complete 
|  35|0x000000070c300000, 0x000000070c400000, 0x000000070c400000|100%|HC|  |TAMS 0x000000070c400000, 0x000000070c300000| Complete 
|  36|0x000000070c400000, 0x000000070c4b7600, 0x000000070c500000| 71%| O|  |TAMS 0x000000070c4b5400, 0x000000070c400000| Untracked 
|  37|0x000000070c500000, 0x000000070c500000, 0x000000070c600000|  0%| F|  |TAMS 0x000000070c500000, 0x000000070c500000| Untracked 
|  38|0x000000070c600000, 0x000000070c600000, 0x000000070c700000|  0%| F|  |TAMS 0x000000070c600000, 0x000000070c600000| Untracked 
|  39|0x000000070c700000, 0x000000070c700000, 0x000000070c800000|  0%| F|  |TAMS 0x000000070c700000, 0x000000070c700000| Untracked 
|  40|0x000000070c800000, 0x000000070c800000, 0x000000070c900000|  0%| F|  |TAMS 0x000000070c800000, 0x000000070c800000| Untracked 
|  41|0x000000070c900000, 0x000000070c900000, 0x000000070ca00000|  0%| F|  |TAMS 0x000000070c900000, 0x000000070c900000| Untracked 
|  42|0x000000070ca00000, 0x000000070ca00000, 0x000000070cb00000|  0%| F|  |TAMS 0x000000070ca00000, 0x000000070ca00000| Untracked 
|  43|0x000000070cb00000, 0x000000070cb00000, 0x000000070cc00000|  0%| F|  |TAMS 0x000000070cb00000, 0x000000070cb00000| Untracked 
|  44|0x000000070cc00000, 0x000000070cc00000, 0x000000070cd00000|  0%| F|  |TAMS 0x000000070cc00000, 0x000000070cc00000| Untracked 
|  45|0x000000070cd00000, 0x000000070cd00000, 0x000000070ce00000|  0%| F|  |TAMS 0x000000070cd00000, 0x000000070cd00000| Untracked 
|  46|0x000000070ce00000, 0x000000070ce2fe10, 0x000000070cf00000| 18%| S|CS|TAMS 0x000000070ce00000, 0x000000070ce00000| Complete 
|  47|0x000000070cf00000, 0x000000070d000000, 0x000000070d000000|100%| S|CS|TAMS 0x000000070cf00000, 0x000000070cf00000| Complete 
|  48|0x000000070d000000, 0x000000070d000000, 0x000000070d100000|  0%| F|  |TAMS 0x000000070d000000, 0x000000070d000000| Untracked 
|  49|0x000000070d100000, 0x000000070d100000, 0x000000070d200000|  0%| F|  |TAMS 0x000000070d100000, 0x000000070d100000| Untracked 
|  50|0x000000070d200000, 0x000000070d200000, 0x000000070d300000|  0%| F|  |TAMS 0x000000070d200000, 0x000000070d200000| Untracked 
|  51|0x000000070d300000, 0x000000070d300000, 0x000000070d400000|  0%| F|  |TAMS 0x000000070d300000, 0x000000070d300000| Untracked 
|  52|0x000000070d400000, 0x000000070d400000, 0x000000070d500000|  0%| F|  |TAMS 0x000000070d400000, 0x000000070d400000| Untracked 
|  53|0x000000070d500000, 0x000000070d500000, 0x000000070d600000|  0%| F|  |TAMS 0x000000070d500000, 0x000000070d500000| Untracked 
|  54|0x000000070d600000, 0x000000070d600000, 0x000000070d700000|  0%| F|  |TAMS 0x000000070d600000, 0x000000070d600000| Untracked 
|  55|0x000000070d700000, 0x000000070d700000, 0x000000070d800000|  0%| F|  |TAMS 0x000000070d700000, 0x000000070d700000| Untracked 
|  56|0x000000070d800000, 0x000000070d800000, 0x000000070d900000|  0%| F|  |TAMS 0x000000070d800000, 0x000000070d800000| Untracked 
|  57|0x000000070d900000, 0x000000070d900000, 0x000000070da00000|  0%| F|  |TAMS 0x000000070d900000, 0x000000070d900000| Untracked 
| 112|0x0000000711000000, 0x0000000711000000, 0x0000000711100000|  0%| F|  |TAMS 0x0000000711000000, 0x0000000711000000| Untracked 
| 113|0x0000000711100000, 0x00000007111f9908, 0x0000000711200000| 97%| E|  |TAMS 0x0000000711100000, 0x0000000711100000| Complete 
| 114|0x0000000711200000, 0x0000000711300000, 0x0000000711300000|100%| E|CS|TAMS 0x0000000711200000, 0x0000000711200000| Complete 
| 115|0x0000000711300000, 0x0000000711400000, 0x0000000711400000|100%| E|CS|TAMS 0x0000000711300000, 0x0000000711300000| Complete 
| 116|0x0000000711400000, 0x0000000711500000, 0x0000000711500000|100%| E|CS|TAMS 0x0000000711400000, 0x0000000711400000| Complete 
| 245|0x0000000719500000, 0x0000000719600000, 0x0000000719600000|100%| E|  |TAMS 0x0000000719500000, 0x0000000719500000| Complete 

Card table byte_map: [0x0000022a7bfd0000,0x0000022a7c780000] _byte_map_base: 0x0000022a78780000

Marking Bits (Prev, Next): (CMBitMap*) 0x0000022a7b27e2c8, (CMBitMap*) 0x0000022a7b27e288
 Prev Bits: [0x0000022a1b450000, 0x0000022a1f1d0000)
 Next Bits: [0x0000022a176d0000, 0x0000022a1b450000)

Polling page: 0x0000022a78e90000

Metaspace:

Usage:
  Non-class:     45.61 MB capacity,    44.67 MB ( 98%) used,   791.70 KB (  2%) free+waste,   170.19 KB ( <1%) overhead. 
      Class:      7.10 MB capacity,     6.55 MB ( 92%) used,   474.41 KB (  7%) free+waste,    84.44 KB (  1%) overhead. 
       Both:     52.71 MB capacity,    51.23 MB ( 97%) used,     1.24 MB (  2%) free+waste,   254.63 KB ( <1%) overhead. 

Virtual space:
  Non-class space:       46.00 MB reserved,      45.67 MB (>99%) committed 
      Class space:        1.00 GB reserved,       7.13 MB ( <1%) committed 
             Both:        1.04 GB reserved,      52.79 MB (  5%) committed 

Chunk freelists:
   Non-Class:  55.00 KB
       Class:  26.00 KB
        Both:  81.00 KB

MaxMetaspaceSize: 17179869184.00 GB
CompressedClassSpaceSize: 1.00 GB

CodeHeap 'non-profiled nmethods': size=238336Kb used=10197Kb max_used=10197Kb free=228138Kb
 bounds [0x0000022a08e10000, 0x0000022a09810000, 0x0000022a176d0000]
CodeHeap 'non-nmethods': size=7424Kb used=1486Kb max_used=1486Kb free=5937Kb
 bounds [0x0000022a086d0000, 0x0000022a08940000, 0x0000022a08e10000]
 total_blobs=7102 nmethods=5997 adapters=759
 compilation: enabled
              stopped_count=0, restarted_count=0
 full_count=0

Compilation events (20 events):
Event: 121.957 Thread 0x0000022a1faa5800 5988       1       javax.management.ObjectName::addProperty (80 bytes)
Event: 121.958 Thread 0x0000022a1faa5800 nmethod 5988 0x0000022a09802c10 code [0x0000022a09802e00, 0x0000022a09803348]
Event: 121.958 Thread 0x0000022a1faa5800 5989       1       org.apache.catalina.ContainerEvent::getType (5 bytes)
Event: 121.958 Thread 0x0000022a1faa5800 nmethod 5989 0x0000022a09803590 code [0x0000022a09803720, 0x0000022a098037f8]
Event: 121.967 Thread 0x0000022a1faa5800 5990       1       java.util.concurrent.atomic.AtomicLongFieldUpdater$CASUpdater::accessCheck (17 bytes)
Event: 121.967 Thread 0x0000022a1faa5800 nmethod 5990 0x0000022a09803890 code [0x0000022a09803a20, 0x0000022a09803b48]
Event: 121.969 Thread 0x0000022a1faa5800 5991       1       java.lang.StringLatin1$CharsSpliterator::<init> (36 bytes)
Event: 121.970 Thread 0x0000022a1faa5800 nmethod 5991 0x0000022a09803c10 code [0x0000022a09803da0, 0x0000022a09803ed8]
Event: 121.970 Thread 0x0000022a1faa5800 5992       1       java.lang.StringLatin1$CharsSpliterator::estimateSize (11 bytes)
Event: 121.970 Thread 0x0000022a1faa5800 nmethod 5992 0x0000022a09803f90 code [0x0000022a09804120, 0x0000022a098041f8]
Event: 121.970 Thread 0x0000022a1faa5800 5993       1       java.nio.Buffer::checkIndex (24 bytes)
Event: 121.970 Thread 0x0000022a1faa5800 nmethod 5993 0x0000022a09804290 code [0x0000022a09804440, 0x0000022a098045e8]
Event: 121.970 Thread 0x0000022a1faa5800 5994       1       java.nio.CharBuffer::charAt (16 bytes)
Event: 121.970 Thread 0x0000022a1faa5800 nmethod 5994 0x0000022a09804690 code [0x0000022a09804840, 0x0000022a09804a38]
Event: 121.970 Thread 0x0000022a1faa5800 5995       1       java.nio.HeapCharBuffer::get (19 bytes)
Event: 121.970 Thread 0x0000022a1faa5800 nmethod 5995 0x0000022a09804b10 code [0x0000022a09804cc0, 0x0000022a09804e48]
Event: 121.970 Thread 0x0000022a1faa5800 5996       1       java.lang.StringUTF16::checkBoundsOffCount (10 bytes)
Event: 121.970 Thread 0x0000022a1faa5800 nmethod 5996 0x0000022a09804f90 code [0x0000022a09805120, 0x0000022a098051e8]
Event: 121.971 Thread 0x0000022a1faa5800 5997       1       org.apache.tomcat.util.http.MimeHeaders::getValue (26 bytes)
Event: 121.971 Thread 0x0000022a1faa5800 nmethod 5997 0x0000022a09805290 code [0x0000022a09805420, 0x0000022a09805578]

GC Heap History (20 events):
Event: 118.575 GC heap before
{Heap before GC invocations=69 (full 0):
 garbage-first heap   total 61440K, used 36916K [0x000000070a000000, 0x0000000800000000)
  region size 1024K, 7 young (7168K), 1 survivors (1024K)
 Metaspace       used 51986K, capacity 53455K, committed 53548K, reserved 1095680K
  class space    used 6652K, capacity 7223K, committed 7296K, reserved 1048576K
}
Event: 118.577 GC heap after
{Heap after GC invocations=70 (full 0):
 garbage-first heap   total 61440K, used 31603K [0x000000070a000000, 0x0000000800000000)
  region size 1024K, 1 young (1024K), 1 survivors (1024K)
 Metaspace       used 51986K, capacity 53455K, committed 53548K, reserved 1095680K
  class space    used 6652K, capacity 7223K, committed 7296K, reserved 1048576K
}
Event: 118.900 GC heap before
{Heap before GC invocations=71 (full 0):
 garbage-first heap   total 61440K, used 36723K [0x000000070a000000, 0x0000000800000000)
  region size 1024K, 7 young (7168K), 1 survivors (1024K)
 Metaspace       used 51986K, capacity 53455K, committed 53548K, reserved 1095680K
  class space    used 6652K, capacity 7223K, committed 7296K, reserved 1048576K
}
Event: 118.901 GC heap after
{Heap after GC invocations=72 (full 0):
 garbage-first heap   total 61440K, used 31594K [0x000000070a000000, 0x0000000800000000)
  region size 1024K, 1 young (1024K), 1 survivors (1024K)
 Metaspace       used 51986K, capacity 53455K, committed 53548K, reserved 1095680K
  class space    used 6652K, capacity 7223K, committed 7296K, reserved 1048576K
}
Event: 119.180 GC heap before
{Heap before GC invocations=73 (full 0):
 garbage-first heap   total 61440K, used 37738K [0x000000070a000000, 0x0000000800000000)
  region size 1024K, 8 young (8192K), 1 survivors (1024K)
 Metaspace       used 51986K, capacity 53455K, committed 53548K, reserved 1095680K
  class space    used 6652K, capacity 7223K, committed 7296K, reserved 1048576K
}
Event: 119.181 GC heap after
{Heap after GC invocations=74 (full 0):
 garbage-first heap   total 61440K, used 31798K [0x000000070a000000, 0x0000000800000000)
  region size 1024K, 1 young (1024K), 1 survivors (1024K)
 Metaspace       used 51986K, capacity 53455K, committed 53548K, reserved 1095680K
  class space    used 6652K, capacity 7223K, committed 7296K, reserved 1048576K
}
Event: 120.167 GC heap before
{Heap before GC invocations=75 (full 0):
 garbage-first heap   total 61440K, used 56374K [0x000000070a000000, 0x0000000800000000)
  region size 1024K, 20 young (20480K), 1 survivors (1024K)
 Metaspace       used 52079K, capacity 53533K, committed 53804K, reserved 1095680K
  class space    used 6662K, capacity 7228K, committed 7296K, reserved 1048576K
}
Event: 120.168 GC heap after
{Heap after GC invocations=76 (full 0):
 garbage-first heap   total 61440K, used 33323K [0x000000070a000000, 0x0000000800000000)
  region size 1024K, 1 young (1024K), 1 survivors (1024K)
 Metaspace       used 52079K, capacity 53533K, committed 53804K, reserved 1095680K
  class space    used 6662K, capacity 7228K, committed 7296K, reserved 1048576K
}
Event: 120.519 GC heap before
{Heap before GC invocations=76 (full 0):
 garbage-first heap   total 61440K, used 34347K [0x000000070a000000, 0x0000000800000000)
  region size 1024K, 3 young (3072K), 1 survivors (1024K)
 Metaspace       used 52079K, capacity 53533K, committed 53804K, reserved 1095680K
  class space    used 6662K, capacity 7228K, committed 7296K, reserved 1048576K
}
Event: 120.522 GC heap after
{Heap after GC invocations=77 (full 0):
 garbage-first heap   total 61440K, used 31552K [0x000000070a000000, 0x0000000800000000)
  region size 1024K, 1 young (1024K), 1 survivors (1024K)
 Metaspace       used 52079K, capacity 53533K, committed 53804K, reserved 1095680K
  class space    used 6662K, capacity 7228K, committed 7296K, reserved 1048576K
}
Event: 120.531 GC heap before
{Heap before GC invocations=77 (full 0):
 garbage-first heap   total 61440K, used 32576K [0x000000070a000000, 0x0000000800000000)
  region size 1024K, 4 young (4096K), 1 survivors (1024K)
 Metaspace       used 52079K, capacity 53533K, committed 53804K, reserved 1095680K
  class space    used 6662K, capacity 7228K, committed 7296K, reserved 1048576K
}
Event: 120.533 GC heap after
{Heap after GC invocations=78 (full 0):
 garbage-first heap   total 61440K, used 32230K [0x000000070a000000, 0x0000000800000000)
  region size 1024K, 1 young (1024K), 1 survivors (1024K)
 Metaspace       used 52079K, capacity 53533K, committed 53804K, reserved 1095680K
  class space    used 6662K, capacity 7228K, committed 7296K, reserved 1048576K
}
Event: 120.932 GC heap before
{Heap before GC invocations=79 (full 0):
 garbage-first heap   total 61440K, used 37350K [0x000000070a000000, 0x0000000800000000)
  region size 1024K, 7 young (7168K), 1 survivors (1024K)
 Metaspace       used 52079K, capacity 53533K, committed 53804K, reserved 1095680K
  class space    used 6662K, capacity 7228K, committed 7296K, reserved 1048576K
}
Event: 120.934 GC heap after
{Heap after GC invocations=80 (full 0):
 garbage-first heap   total 61440K, used 32227K [0x000000070a000000, 0x0000000800000000)
  region size 1024K, 1 young (1024K), 1 survivors (1024K)
 Metaspace       used 52079K, capacity 53533K, committed 53804K, reserved 1095680K
  class space    used 6662K, capacity 7228K, committed 7296K, reserved 1048576K
}
Event: 121.294 GC heap before
{Heap before GC invocations=81 (full 0):
 garbage-first heap   total 61440K, used 37347K [0x000000070a000000, 0x0000000800000000)
  region size 1024K, 7 young (7168K), 1 survivors (1024K)
 Metaspace       used 52079K, capacity 53533K, committed 53804K, reserved 1095680K
  class space    used 6662K, capacity 7228K, committed 7296K, reserved 1048576K
}
Event: 121.296 GC heap after
{Heap after GC invocations=82 (full 0):
 garbage-first heap   total 61440K, used 32229K [0x000000070a000000, 0x0000000800000000)
  region size 1024K, 1 young (1024K), 1 survivors (1024K)
 Metaspace       used 52079K, capacity 53533K, committed 53804K, reserved 1095680K
  class space    used 6662K, capacity 7228K, committed 7296K, reserved 1048576K
}
Event: 121.603 GC heap before
{Heap before GC invocations=83 (full 0):
 garbage-first heap   total 61440K, used 37349K [0x000000070a000000, 0x0000000800000000)
  region size 1024K, 7 young (7168K), 1 survivors (1024K)
 Metaspace       used 52079K, capacity 53533K, committed 53804K, reserved 1095680K
  class space    used 6662K, capacity 7228K, committed 7296K, reserved 1048576K
}
Event: 121.604 GC heap after
{Heap after GC invocations=84 (full 0):
 garbage-first heap   total 61440K, used 32229K [0x000000070a000000, 0x0000000800000000)
  region size 1024K, 1 young (1024K), 1 survivors (1024K)
 Metaspace       used 52079K, capacity 53533K, committed 53804K, reserved 1095680K
  class space    used 6662K, capacity 7228K, committed 7296K, reserved 1048576K
}
Event: 121.933 GC heap before
{Heap before GC invocations=85 (full 0):
 garbage-first heap   total 61440K, used 42469K [0x000000070a000000, 0x0000000800000000)
  region size 1024K, 12 young (12288K), 1 survivors (1024K)
 Metaspace       used 52264K, capacity 53742K, committed 54060K, reserved 1095680K
  class space    used 6682K, capacity 7233K, committed 7296K, reserved 1048576K
}
Event: 121.935 GC heap after
{Heap after GC invocations=86 (full 0):
 garbage-first heap   total 61440K, used 32669K [0x000000070a000000, 0x0000000800000000)
  region size 1024K, 2 young (2048K), 2 survivors (2048K)
 Metaspace       used 52264K, capacity 53742K, committed 54060K, reserved 1095680K
  class space    used 6682K, capacity 7233K, committed 7296K, reserved 1048576K
}

Deoptimization events (4 events):
Event: 6.136 Thread 0x0000022a20974000 DEOPT PACKING pc=0x0000022a090f87bb sp=0x000000b11bdfcbe0
Event: 6.136 Thread 0x0000022a20974000 DEOPT UNPACKING pc=0x0000022a0871964e sp=0x000000b11bdfc0e8 mode 3
Event: 17.639 Thread 0x0000022a22e35800 DEOPT PACKING pc=0x0000022a08f89a8c sp=0x000000b11d5fc660
Event: 17.639 Thread 0x0000022a22e35800 DEOPT UNPACKING pc=0x0000022a0871964e sp=0x000000b11d5fbb88 mode 0

Classes unloaded (4 events):
Event: 5.847 Thread 0x0000022a1fa73800 Unloading class 0x0000000800c23c40 'org/springframework/core/GenericTypeResolver$$Lambda$142'
Event: 113.076 Thread 0x0000022a1fa73800 Unloading class 0x00000008010de840 'org/springframework/http/server/ServletServerHttpResponse$$Lambda$752'
Event: 113.076 Thread 0x0000022a1fa73800 Unloading class 0x00000008010df040 'org/springframework/http/server/ServletServerHttpResponse$$Lambda$755'
Event: 113.076 Thread 0x0000022a1fa73800 Unloading class 0x00000008010dfc40 'org/springframework/http/server/ServletServerHttpResponse$$Lambda$753'

Classes redefined (0 events):
No events

Internal exceptions (20 events):
Event: 6.351 Thread 0x0000022a20974000 Exception <a 'java/lang/NoSuchMethodError'{0x0000000719521580}: 'void java.lang.invoke.DirectMethodHandle$Holder.invokeVirtual(java.lang.Object, java.lang.Object, int)'> (0x0000000719521580) 
thrown [./open/src/hotspot/share/interpreter/linkResolver.cpp, line 766]
Event: 6.451 Thread 0x0000022a20974000 Exception <a 'java/lang/IncompatibleClassChangeError'{0x000000070c82a268}: Found class java.lang.Object, but interface was expected> (0x000000070c82a268) 
thrown [./open/src/hotspot/share/interpreter/linkResolver.cpp, line 832]
Event: 6.529 Thread 0x0000022a213bd000 Exception <a 'java/lang/reflect/InvocationTargetException'{0x000000070c4fb4f0}> (0x000000070c4fb4f0) 
thrown [./open/src/hotspot/share/runtime/reflection.cpp, line 1188]
Event: 112.074 Thread 0x0000022a22e38000 Exception <a 'java/lang/ClassNotFoundException'{0x000000071132b1b8}: sun/awt/resources/spi/awtProvider> (0x000000071132b1b8) 
thrown [./open/src/hotspot/share/classfile/systemDictionary.cpp, line 226]
Event: 112.084 Thread 0x0000022a22e38000 Exception <a 'java/io/FileNotFoundException'{0x0000000711336798}> (0x0000000711336798) 
thrown [./open/src/hotspot/share/prims/jni.cpp, line 599]
Event: 112.085 Thread 0x0000022a22e38000 Exception <a 'java/io/FileNotFoundException'{0x00000007113384d0}> (0x00000007113384d0) 
thrown [./open/src/hotspot/share/prims/jni.cpp, line 599]
Event: 112.422 Thread 0x0000022a22e38000 Exception <a 'java/lang/NoSuchMethodError'{0x000000070c766f38}: 'java.lang.Object java.lang.invoke.DirectMethodHandle$Holder.invokeStatic(java.lang.Object, int, java.lang.Object, java.lang.Object, java.lang.Object, java.lang.Object)'> (0x000000070c766f38) 
thrown [./open/src/hotspot/share/interpreter/linkResolver.cpp, line 766]
Event: 112.422 Thread 0x0000022a22e38000 Exception <a 'java/lang/NoSuchMethodError'{0x000000070c76d5e8}: 'java.lang.Object java.lang.invoke.DirectMethodHandle$Holder.invokeStatic(java.lang.Object, int, java.lang.Object, java.lang.Object, java.lang.Object)'> (0x000000070c76d5e8) 
thrown [./open/src/hotspot/share/interpreter/linkResolver.cpp, line 766]
Event: 112.422 Thread 0x0000022a22e38000 Exception <a 'java/lang/NoSuchMethodError'{0x000000070c770d50}: 'java.lang.Object java.lang.invoke.DirectMethodHandle$Holder.invokeSpecial(java.lang.Object, java.lang.Object, int, java.lang.Object, java.lang.Object, java.lang.Object)'> (0x000000070c770d50) 
thrown [./open/src/hotspot/share/interpreter/linkResolver.cpp, line 766]
Event: 112.423 Thread 0x0000022a22e38000 Exception <a 'java/lang/NoSuchMethodError'{0x000000070c786fa0}: 'java.lang.Object java.lang.invoke.DirectMethodHandle$Holder.invokeStatic(java.lang.Object, int, java.lang.Object)'> (0x000000070c786fa0) 
thrown [./open/src/hotspot/share/interpreter/linkResolver.cpp, line 766]
Event: 112.432 Thread 0x0000022a22e38000 Exception <a 'java/lang/ClassNotFoundException'{0x000000070c63b8a0}: com/sun/swing/internal/plaf/metal/resources/spi/metalProvider> (0x000000070c63b8a0) 
thrown [./open/src/hotspot/share/classfile/systemDictionary.cpp, line 226]
Event: 112.434 Thread 0x0000022a22e38000 Exception <a 'java/lang/ClassNotFoundException'{0x000000070c642788}: com/sun/swing/internal/plaf/basic/resources/spi/basicProvider> (0x000000070c642788) 
thrown [./open/src/hotspot/share/classfile/systemDictionary.cpp, line 226]
Event: 112.498 Thread 0x0000022a213be800 Exception <a 'java/io/FileNotFoundException'{0x000000070c577040}> (0x000000070c577040) 
thrown [./open/src/hotspot/share/prims/jni.cpp, line 599]
Event: 112.498 Thread 0x0000022a213be800 Exception <a 'java/lang/NullPointerException'{0x000000070c5778a0}> (0x000000070c5778a0) 
thrown [./open/src/hotspot/share/interpreter/linkResolver.cpp, line 1348]
Event: 112.514 Thread 0x0000022a213be800 Exception <a 'java/lang/NoSuchMethodError'{0x000000070c40ffd0}: 'java.lang.Object java.lang.invoke.Invokers$Holder.linkToTargetMethod(java.lang.Object, int, java.lang.Object)'> (0x000000070c40ffd0) 
thrown [./open/src/hotspot/share/interpreter/linkResolver.cpp, line 766]
Event: 119.751 Thread 0x0000022a213bd800 Exception <a 'java/lang/InterruptedException'{0x000000070d2d2ec8}: sleep interrupted> (0x000000070d2d2ec8) 
thrown [./open/src/hotspot/share/prims/jvm.cpp, line 3074]
Event: 119.754 Thread 0x0000022a2bf89800 Exception <a 'java/lang/NoSuchMethodError'{0x000000070d1109a8}: 'void java.lang.invoke.DirectMethodHandle$Holder.invokeInterface(java.lang.Object, java.lang.Object)'> (0x000000070d1109a8) 
thrown [./open/src/hotspot/share/interpreter/linkResolver.cpp, line 766]
Event: 121.960 Thread 0x0000022a22e34800 Exception <a 'java/lang/InterruptedException'{0x00000007112e2580}: sleep interrupted> (0x00000007112e2580) 
thrown [./open/src/hotspot/share/prims/jvm.cpp, line 3074]
Event: 121.960 Thread 0x0000022a22e34800 Exception <a 'java/lang/reflect/InvocationTargetException'{0x00000007112e2af8}> (0x00000007112e2af8) 
thrown [./open/src/hotspot/share/runtime/reflection.cpp, line 1188]
Event: 121.972 Thread 0x0000022a213bb800 Exception <a 'java/lang/InterruptedException'{0x00000007111d4ac8}: sleep interrupted> (0x00000007111d4ac8) 
thrown [./open/src/hotspot/share/prims/jvm.cpp, line 3074]

Events (20 events):
Event: 121.972 Executing VM operation: HandshakeOneThread done
Event: 121.972 Executing VM operation: HandshakeOneThread
Event: 121.972 Executing VM operation: HandshakeOneThread done
Event: 121.972 Executing VM operation: HandshakeOneThread
Event: 121.972 Executing VM operation: HandshakeOneThread done
Event: 121.972 Executing VM operation: HandshakeOneThread
Event: 121.972 Executing VM operation: HandshakeOneThread done
Event: 121.972 Executing VM operation: HandshakeOneThread
Event: 121.972 Executing VM operation: HandshakeOneThread done
Event: 121.972 Thread 0x0000022a213bb800 Thread exited: 0x0000022a213bb800
Event: 121.972 Executing VM operation: HandshakeOneThread
Event: 121.972 Executing VM operation: HandshakeOneThread done
Event: 121.972 Executing VM operation: HandshakeOneThread
Event: 121.972 Executing VM operation: HandshakeOneThread done
Event: 121.972 Executing VM operation: HandshakeOneThread
Event: 121.972 Executing VM operation: HandshakeOneThread done
Event: 121.972 Thread 0x0000022a213bf800 Thread exited: 0x0000022a213bf800
Event: 121.972 Thread 0x0000022a213c1000 Thread exited: 0x0000022a213c1000
Event: 121.972 Thread 0x0000022a2bf89800 Thread exited: 0x0000022a2bf89800
Event: 121.973 Executing VM operation: Exit


Dynamic libraries:
0x00007ff63b0f0000 - 0x00007ff63b0ff000 	C:\Program Files\Java\jdk-14.0.1\bin\java.exe
0x00007ffbacf80000 - 0x00007ffbad170000 	C:\Windows\SYSTEM32\ntdll.dll
0x00007ffbac990000 - 0x00007ffbaca42000 	C:\Windows\System32\KERNEL32.DLL
0x00007ffbaa240000 - 0x00007ffbaa4e3000 	C:\Windows\System32\KERNELBASE.dll
0x00007ffba9fc0000 - 0x00007ffbaa0ba000 	C:\Windows\System32\ucrtbase.dll
0x00007ffba31f0000 - 0x00007ffba3208000 	C:\Program Files\Java\jdk-14.0.1\bin\jli.dll
0x00007ffbaca50000 - 0x00007ffbacaf3000 	C:\Windows\System32\ADVAPI32.dll
0x00007ffb9dda0000 - 0x00007ffb9ddb5000 	C:\Program Files\Java\jdk-14.0.1\bin\VCRUNTIME140.dll
0x00007ffbabb10000 - 0x00007ffbabbae000 	C:\Windows\System32\msvcrt.dll
0x00007ffbacd20000 - 0x00007ffbacdb7000 	C:\Windows\System32\sechost.dll
0x00007ffbabe40000 - 0x00007ffbabf60000 	C:\Windows\System32\RPCRT4.dll
0x00007ffbabc30000 - 0x00007ffbabdc4000 	C:\Windows\System32\USER32.dll
0x00007ffbaa0c0000 - 0x00007ffbaa0e1000 	C:\Windows\System32\win32u.dll
0x00007ffbacf10000 - 0x00007ffbacf36000 	C:\Windows\System32\GDI32.dll
0x00007ffb94e20000 - 0x00007ffb950a5000 	C:\Windows\WinSxS\amd64_microsoft.windows.common-controls_6595b64144ccf1df_6.0.18362.693_none_e6c1b3c11311d480\COMCTL32.dll
0x00007ffbaa570000 - 0x00007ffbaa704000 	C:\Windows\System32\gdi32full.dll
0x00007ffbaa710000 - 0x00007ffbaa7ae000 	C:\Windows\System32\msvcp_win.dll
0x00007ffbab030000 - 0x00007ffbab366000 	C:\Windows\System32\combase.dll
0x00007ffbaa4f0000 - 0x00007ffbaa570000 	C:\Windows\System32\bcryptPrimitives.dll
0x00007ffba2170000 - 0x00007ffba217a000 	C:\Windows\SYSTEM32\VERSION.dll
0x00007ffbacdc0000 - 0x00007ffbacdee000 	C:\Windows\System32\IMM32.DLL
0x00007ffb95780000 - 0x00007ffb9581b000 	C:\Program Files\Java\jdk-14.0.1\bin\msvcp140.dll
0x00007ffb61940000 - 0x00007ffb6245e000 	C:\Program Files\Java\jdk-14.0.1\bin\server\jvm.dll
0x00007ffbacd10000 - 0x00007ffbacd18000 	C:\Windows\System32\PSAPI.DLL
0x00007ffba7c60000 - 0x00007ffba7c69000 	C:\Windows\SYSTEM32\WSOCK32.dll
0x00007ffba7620000 - 0x00007ffba7644000 	C:\Windows\SYSTEM32\WINMM.dll
0x00007ffbac280000 - 0x00007ffbac2ef000 	C:\Windows\System32\WS2_32.dll
0x00007ffba75f0000 - 0x00007ffba761d000 	C:\Windows\SYSTEM32\winmmbase.dll
0x00007ffbaaf80000 - 0x00007ffbaafca000 	C:\Windows\System32\cfgmgr32.dll
0x00007ffba9e40000 - 0x00007ffba9e51000 	C:\Windows\System32\kernel.appcore.dll
0x00007ffba35a0000 - 0x00007ffba35aa000 	C:\Program Files\Java\jdk-14.0.1\bin\jimage.dll
0x00007ffba8840000 - 0x00007ffba8a34000 	C:\Windows\SYSTEM32\DBGHELP.DLL
0x00007ffb9d7a0000 - 0x00007ffb9d7ca000 	C:\Windows\SYSTEM32\dbgcore.DLL
0x00007ffba3500000 - 0x00007ffba350e000 	C:\Program Files\Java\jdk-14.0.1\bin\instrument.dll
0x00007ffb99f60000 - 0x00007ffb99f85000 	C:\Program Files\Java\jdk-14.0.1\bin\java.dll
0x00007ffba9d00000 - 0x00007ffba9d2f000 	C:\Windows\SYSTEM32\SspiCli.dll
0x00007ffb99f20000 - 0x00007ffb99f36000 	C:\Program Files\Java\jdk-14.0.1\bin\zip.dll
0x00007ffbab420000 - 0x00007ffbabb06000 	C:\Windows\System32\SHELL32.dll
0x00007ffbacdf0000 - 0x00007ffbace99000 	C:\Windows\System32\shcore.dll
0x00007ffbaa7b0000 - 0x00007ffbaaf30000 	C:\Windows\System32\windows.storage.dll
0x00007ffba9e90000 - 0x00007ffba9eb9000 	C:\Windows\System32\Wldp.dll
0x00007ffbaa0f0000 - 0x00007ffbaa239000 	C:\Windows\System32\CRYPT32.dll
0x00007ffba9e20000 - 0x00007ffba9e32000 	C:\Windows\System32\MSASN1.dll
0x00007ffbaafd0000 - 0x00007ffbab02c000 	C:\Windows\System32\WINTRUST.dll
0x00007ffba9e60000 - 0x00007ffba9e83000 	C:\Windows\System32\profapi.dll
0x00007ffba9ec0000 - 0x00007ffba9f0a000 	C:\Windows\System32\powrprof.dll
0x00007ffba9e10000 - 0x00007ffba9e20000 	C:\Windows\System32\UMPDC.dll
0x00007ffbac0c0000 - 0x00007ffbac112000 	C:\Windows\System32\shlwapi.dll
0x00007ffbaaf30000 - 0x00007ffbaaf47000 	C:\Windows\System32\cryptsp.dll
0x00007ffb99310000 - 0x00007ffb99329000 	C:\Program Files\Java\jdk-14.0.1\bin\net.dll
0x00007ffb9de40000 - 0x00007ffb9df31000 	C:\Windows\SYSTEM32\WINHTTP.dll
0x00007ffba96b0000 - 0x00007ffba9717000 	C:\Windows\system32\mswsock.dll
0x00007ffb992f0000 - 0x00007ffb99302000 	C:\Program Files\Java\jdk-14.0.1\bin\nio.dll
0x00007ffb992d0000 - 0x00007ffb992ea000 	D:\IntelliJ IDEA 2019.3.5\bin\breakgen64.dll
0x00007ffb76700000 - 0x00007ffb7680d000 	C:\Windows\SysWOW64\ierd_tgp_lsp64.dll
0x00007ffbac120000 - 0x00007ffbac277000 	C:\Windows\System32\ole32.dll
0x00007ffba1a80000 - 0x00007ffba1a8a000 	C:\Windows\system32\wshqos.dll
0x00007ffba1a70000 - 0x00007ffba1a78000 	C:\Windows\SYSTEM32\wshtcpip.DLL
0x00007ffba1a60000 - 0x00007ffba1a68000 	C:\Windows\SYSTEM32\wship6.dll
0x00007ffba9400000 - 0x00007ffba94ca000 	C:\Windows\SYSTEM32\DNSAPI.dll
0x00007ffbacea0000 - 0x00007ffbacea8000 	C:\Windows\System32\NSI.dll
0x00007ffba93c0000 - 0x00007ffba93fa000 	C:\Windows\SYSTEM32\IPHLPAPI.DLL
0x00007ffba0ee0000 - 0x00007ffba0eea000 	C:\Windows\System32\rasadhlp.dll
0x00007ffba1480000 - 0x00007ffba14f7000 	C:\Windows\System32\fwpuclnt.dll
0x00007ffbaaf50000 - 0x00007ffbaaf76000 	C:\Windows\System32\bcrypt.dll
0x00007ffba2e90000 - 0x00007ffba2e99000 	C:\Program Files\Java\jdk-14.0.1\bin\management.dll
0x00007ffba0670000 - 0x00007ffba067b000 	C:\Program Files\Java\jdk-14.0.1\bin\management_ext.dll
0x00007ffba9220000 - 0x00007ffba9253000 	C:\Windows\system32\rsaenh.dll
0x00007ffba9d30000 - 0x00007ffba9d55000 	C:\Windows\SYSTEM32\USERENV.dll
0x00007ffba9880000 - 0x00007ffba988c000 	C:\Windows\SYSTEM32\CRYPTBASE.dll
0x00007ffba2150000 - 0x00007ffba2166000 	C:\Windows\SYSTEM32\dhcpcsvc6.DLL
0x00007ffba2100000 - 0x00007ffba211c000 	C:\Windows\SYSTEM32\dhcpcsvc.DLL
0x00007ffb940f0000 - 0x00007ffb94106000 	C:\Windows\system32\napinsp.dll
0x00007ffb940d0000 - 0x00007ffb940ea000 	C:\Windows\system32\pnrpnsp.dll
0x00007ffb940c0000 - 0x00007ffb940ce000 	C:\Windows\System32\winrnr.dll
0x00007ffba2ae0000 - 0x00007ffba2afc000 	C:\Windows\system32\NLAapi.dll
0x00007ffba5a90000 - 0x00007ffba5aa5000 	C:\Windows\system32\wshbth.dll
0x00007ffb92940000 - 0x00007ffb92965000 	C:\Program Files\Java\jdk-14.0.1\bin\sunec.dll
0x00007ffb9e2b0000 - 0x00007ffb9e2be000 	C:\Program Files\Java\jdk-14.0.1\bin\sunmscapi.dll
0x00007ffba9950000 - 0x00007ffba9976000 	C:\Windows\SYSTEM32\ncrypt.dll
0x00007ffba9910000 - 0x00007ffba994b000 	C:\Windows\SYSTEM32\NTASN1.dll
0x00007ffb86c40000 - 0x00007ffb86c91000 	C:\Users\memory\.javacpp\cache\opencv-3.4.1-1.4.1-windows-x86_64.jar\org\bytedeco\javacpp\windows-x86_64\concrt140.dll
0x00007ffb7afe0000 - 0x00007ffb7b07d000 	C:\Users\memory\.javacpp\cache\opencv-3.4.1-1.4.1-windows-x86_64.jar\org\bytedeco\javacpp\windows-x86_64\msvcp140.dll
0x00007ffb8a5f0000 - 0x00007ffb8a607000 	C:\Users\memory\.javacpp\cache\opencv-3.4.1-1.4.1-windows-x86_64.jar\org\bytedeco\javacpp\windows-x86_64\vcruntime140.dll
0x0000022a7b130000 - 0x0000022a7b133000 	C:\Users\memory\.javacpp\cache\opencv-3.4.1-1.4.1-windows-x86_64.jar\org\bytedeco\javacpp\windows-x86_64\api-ms-win-crt-locale-l1-1-0.dll
0x0000022a7b140000 - 0x0000022a7b144000 	C:\Users\memory\.javacpp\cache\opencv-3.4.1-1.4.1-windows-x86_64.jar\org\bytedeco\javacpp\windows-x86_64\api-ms-win-crt-string-l1-1-0.dll
0x0000022a7b150000 - 0x0000022a7b154000 	C:\Users\memory\.javacpp\cache\opencv-3.4.1-1.4.1-windows-x86_64.jar\org\bytedeco\javacpp\windows-x86_64\api-ms-win-crt-stdio-l1-1-0.dll
0x0000022a7b160000 - 0x0000022a7b165000 	C:\Users\memory\.javacpp\cache\opencv-3.4.1-1.4.1-windows-x86_64.jar\org\bytedeco\javacpp\windows-x86_64\api-ms-win-crt-math-l1-1-0.dll
0x0000022a7b170000 - 0x0000022a7b173000 	C:\Users\memory\.javacpp\cache\opencv-3.4.1-1.4.1-windows-x86_64.jar\org\bytedeco\javacpp\windows-x86_64\api-ms-win-crt-heap-l1-1-0.dll
0x0000022a7b180000 - 0x0000022a7b184000 	C:\Users\memory\.javacpp\cache\opencv-3.4.1-1.4.1-windows-x86_64.jar\org\bytedeco\javacpp\windows-x86_64\api-ms-win-crt-runtime-l1-1-0.dll
0x0000022a7b190000 - 0x0000022a7b194000 	C:\Users\memory\.javacpp\cache\opencv-3.4.1-1.4.1-windows-x86_64.jar\org\bytedeco\javacpp\windows-x86_64\api-ms-win-crt-convert-l1-1-0.dll
0x0000022a7b1a0000 - 0x0000022a7b1a3000 	C:\Users\memory\.javacpp\cache\opencv-3.4.1-1.4.1-windows-x86_64.jar\org\bytedeco\javacpp\windows-x86_64\api-ms-win-crt-environment-l1-1-0.dll
0x0000022a7b1b0000 - 0x0000022a7b1b3000 	C:\Users\memory\.javacpp\cache\opencv-3.4.1-1.4.1-windows-x86_64.jar\org\bytedeco\javacpp\windows-x86_64\api-ms-win-crt-time-l1-1-0.dll
0x0000022a7b1c0000 - 0x0000022a7b1c3000 	C:\Users\memory\.javacpp\cache\opencv-3.4.1-1.4.1-windows-x86_64.jar\org\bytedeco\javacpp\windows-x86_64\api-ms-win-crt-filesystem-l1-1-0.dll
0x0000022a7fe80000 - 0x0000022a7fe83000 	C:\Users\memory\.javacpp\cache\opencv-3.4.1-1.4.1-windows-x86_64.jar\org\bytedeco\javacpp\windows-x86_64\api-ms-win-crt-utility-l1-1-0.dll
0x0000022a7fe90000 - 0x0000022a7fe95000 	C:\Users\memory\.javacpp\cache\opencv-3.4.1-1.4.1-windows-x86_64.jar\org\bytedeco\javacpp\windows-x86_64\api-ms-win-crt-multibyte-l1-1-0.dll
0x00007ffb70aa0000 - 0x00007ffb70da4000 	C:\Users\memory\.javacpp\cache\opencv-3.4.1-1.4.1-windows-x86_64.jar\org\bytedeco\javacpp\windows-x86_64\opencv_core341.dll
0x00007ffb705d0000 - 0x00007ffb709d5000 	C:\Users\memory\.javacpp\cache\opencv-3.4.1-1.4.1-windows-x86_64.jar\org\bytedeco\javacpp\windows-x86_64\opencv_imgproc341.dll
0x00007ffb6fa20000 - 0x00007ffb6fdae000 	C:\Users\memory\.javacpp\cache\opencv-3.4.1-1.4.1-windows-x86_64.jar\org\bytedeco\javacpp\windows-x86_64\jniopencv_core.dll
0x00007ffb70470000 - 0x00007ffb705c6000 	C:\Users\memory\.javacpp\cache\opencv-3.4.1-1.4.1-windows-x86_64.jar\org\bytedeco\javacpp\windows-x86_64\jniopencv_imgproc.dll
0x00007ffb6cfd0000 - 0x00007ffb6d29f000 	C:\Users\memory\.javacpp\cache\opencv-3.4.1-1.4.1-windows-x86_64.jar\org\bytedeco\javacpp\windows-x86_64\opencv_imgcodecs341.dll
0x00007ffb82c00000 - 0x00007ffb82c34000 	C:\Users\memory\.javacpp\cache\opencv-3.4.1-1.4.1-windows-x86_64.jar\org\bytedeco\javacpp\windows-x86_64\jniopencv_imgcodecs.dll
0x00007ffb7c780000 - 0x00007ffb7c7d1000 	C:\Users\memory\.javacpp\cache\opencv-3.4.1-1.4.1-windows-x86_64.jar\org\bytedeco\javacpp\windows-x86_64\opencv_videoio341.dll
0x00007ffbabff0000 - 0x00007ffbac0b4000 	C:\Windows\System32\OLEAUT32.dll
0x00007ffb868e0000 - 0x00007ffb86900000 	C:\Windows\SYSTEM32\AVIFIL32.dll
0x00007ffb82bd0000 - 0x00007ffb82bf9000 	C:\Windows\SYSTEM32\MSVFW32.dll
0x00007ffba0650000 - 0x00007ffba066c000 	C:\Windows\SYSTEM32\MSACM32.dll
0x00007ffb7fd50000 - 0x00007ffb7fd68000 	C:\Windows\SYSTEM32\AVICAP32.dll
0x00007ffb7ef40000 - 0x00007ffb7ef5f000 	C:\Users\memory\.javacpp\cache\opencv-3.4.1-1.4.1-windows-x86_64.jar\org\bytedeco\javacpp\windows-x86_64\jniopencv_videoio.dll
0x00007ffba7e60000 - 0x00007ffba7ef9000 	C:\Windows\system32\uxtheme.dll
0x00007ffbab370000 - 0x00007ffbab412000 	C:\Windows\System32\clbcatq.dll
0x00007ffb7ef20000 - 0x00007ffb7ef38000 	C:\Windows\System32\devenum.dll
0x00007ffbac520000 - 0x00007ffbac990000 	C:\Windows\System32\setupapi.dll
0x00007ffba8fb0000 - 0x00007ffba8fe1000 	C:\Windows\SYSTEM32\ntmarta.dll
0x00007ffba9c10000 - 0x00007ffba9c3a000 	C:\Windows\SYSTEM32\DEVOBJ.dll
0x00007ffb9cd50000 - 0x00007ffb9cd5b000 	C:\Windows\SYSTEM32\msdmo.dll
0x00007ffb7ba70000 - 0x00007ffb7baa4000 	C:\Windows\System32\qcap.dll
0x00007ffb6ff80000 - 0x00007ffb70144000 	C:\Windows\System32\quartz.dll
0x00007ffbacb00000 - 0x00007ffbacc36000 	C:\Windows\System32\MSCTF.dll
0x00007ffb7b790000 - 0x00007ffb7b7dc000 	C:\Windows\System32\mfksproxy.dll
0x00007ffb79a30000 - 0x00007ffb79a4c000 	C:\Windows\System32\ATL.DLL
0x00007ffba42c0000 - 0x00007ffba44ba000 	C:\Windows\System32\MFPlat.DLL
0x00007ffba4180000 - 0x00007ffba41af000 	C:\Windows\System32\RTWorkQ.DLL
0x00007ffb9f260000 - 0x00007ffb9f64c000 	C:\Windows\System32\MFCORE.dll
0x00007ffba7c50000 - 0x00007ffba7c59000 	C:\Windows\System32\ksuser.dll
0x00007ffb7ae50000 - 0x00007ffb7aea5000 	C:\Windows\System32\FSClient.dll
0x00007ffb88d30000 - 0x00007ffb88d8c000 	C:\Windows\System32\MFSENSORGROUP.dll
0x00007ffba6d50000 - 0x00007ffba6fab000 	C:\Windows\System32\d3d11.dll

dbghelp: loaded successfully - version: 4.0.5 - missing functions: none
symbol engine: initialized successfully - sym options: 0x614 - pdb path: .;C:\Program Files\Java\jdk-14.0.1\bin;C:\Windows\SYSTEM32;C:\Windows\WinSxS\amd64_microsoft.windows.common-controls_6595b64144ccf1df_6.0.18362.693_none_e6c1b3c11311d480;C:\Program Files\Java\jdk-14.0.1\bin\server;D:\IntelliJ IDEA 2019.3.5\bin;C:\Windows\SysWOW64;C:\Users\memory\.javacpp\cache\opencv-3.4.1-1.4.1-windows-x86_64.jar\org\bytedeco\javacpp\windows-x86_64;C:\Windows\WinSxS\amd64_microsoft.windows.gdiplus_6595b64144ccf1df_1.1.18362.693_none_17aca6a66da44e4e;C:\Windows\System32\DriverStore\FileRepository\nvlt.inf_amd64_805bb15ecc44f7ae;C:\Windows\System32\DriverStore\FileRepository\u0352421.inf_amd64_2cefce61c756ed23\B352385

VM Arguments:
jvm_args: -Djava.library.path=E:\\opcv\\opencv\\build\\java\\x64; -XX:TieredStopAtLevel=1 -Xverify:none -Dspring.output.ansi.enabled=always -Dcom.sun.management.jmxremote -Dspring.jmx.enabled=true -Dspring.liveBeansView.mbeanDomain -Dspring.application.admin.enabled=true -javaagent:D:\IntelliJ IDEA 2019.3.5\lib\idea_rt.jar=54130:D:\IntelliJ IDEA 2019.3.5\bin -Dfile.encoding=UTF-8 
java_command: com.biye.demo.DemoApplication
java_class_path (initial): C:\Program Files\Java\jdk-14.0.1;D:\bysheji\target\classes;D:\bysheji\lib\javax.jms.jar;D:\bysheji\lib\javax.resource.jar;D:\bysheji\lib\javax.ejb.jar;D:\bysheji\lib\javax.persistence.jar;C:\Users\memory\.m2\repository\org\springframework\boot\spring-boot-starter-web\2.2.5.RELEASE\spring-boot-starter-web-2.2.5.RELEASE.jar;C:\Users\memory\.m2\repository\org\springframework\boot\spring-boot-starter\2.2.5.RELEASE\spring-boot-starter-2.2.5.RELEASE.jar;C:\Users\memory\.m2\repository\org\springframework\boot\spring-boot-starter-logging\2.2.5.RELEASE\spring-boot-starter-logging-2.2.5.RELEASE.jar;C:\Users\memory\.m2\repository\ch\qos\logback\logback-classic\1.2.3\logback-classic-1.2.3.jar;C:\Users\memory\.m2\repository\ch\qos\logback\logback-core\1.2.3\logback-core-1.2.3.jar;C:\Users\memory\.m2\repository\org\apache\logging\log4j\log4j-to-slf4j\2.12.1\log4j-to-slf4j-2.12.1.jar;C:\Users\memory\.m2\repository\org\apache\logging\log4j\log4j-api\2.12.1\log4j-api-2.12.1.jar;C:\Users\memory\.m2\repository\org\slf4j\jul-to-slf4j\1.7.30\jul-to-slf4j-1.7.30.jar;C:\Users\memory\.m2\repository\jakarta\annotation\jakarta.annotation-api\1.3.5\jakarta.annotation-api-1.3.5.jar;C:\Users\memory\.m2\repository\org\yaml\snakeyaml\1.25\snakeyaml-1.25.jar;C:\Users\memory\.m2\repository\org\springframework\boot\spring-boot-starter-json\2.2.5.RELEASE\spring-boot-starter-json-2.2.5.RELEASE.jar;C:\Users\memory\.m2\repository\com\fasterxml\jackson\core\jackson-databind\2.10.2\jackson-databind-2.10.2.jar;C:\Users\memory\.m2\repository\com\fasterxml\jackson\core\jackson-annotations\2.10.2\jackson-annotations-2.10.2.jar;C:\Users\memory\.m2\repository\com\fasterxml\jackson\core\jackson-core\2.10.2\jackson-core-2.10.2.jar;C:\Users\memory\.m2\repository\com\fasterxml\jackson\datatype\jackson-datatype-jdk8\2.10.2\jackson-datatype-jdk8-2.10.2.jar;C:\Users\memory\.m2\repository\com\fasterxml\jackson\datatype\jackson-datatype-jsr310\2.10.2\jackson-datatype-jsr310-2.10.2.jar;C:\Use
Launcher Type: SUN_STANDARD

[Global flags]
     intx CICompilerCount                          = 4                                         {product} {ergonomic}
     uint ConcGCThreads                            = 3                                         {product} {ergonomic}
     uint G1ConcRefinementThreads                  = 10                                        {product} {ergonomic}
   size_t G1HeapRegionSize                         = 1048576                                   {product} {ergonomic}
    uintx GCDrainStackTargetSize                   = 64                                        {product} {ergonomic}
   size_t InitialHeapSize                          = 257949696                                 {product} {ergonomic}
     bool ManagementServer                         = true                                      {product} {command line}
   size_t MarkStackSize                            = 4194304                                   {product} {ergonomic}
   size_t MaxHeapSize                              = 4127195136                                {product} {ergonomic}
   size_t MaxNewSize                               = 2475687936                                {product} {ergonomic}
   size_t MinHeapDeltaBytes                        = 1048576                                   {product} {ergonomic}
   size_t MinHeapSize                              = 8388608                                   {product} {ergonomic}
    uintx NonNMethodCodeHeapSize                   = 7549744                                {pd product} {ergonomic}
    uintx NonProfiledCodeHeapSize                  = 244108496                              {pd product} {ergonomic}
    uintx ProfiledCodeHeapSize                     = 0                                      {pd product} {ergonomic}
    uintx ReservedCodeCacheSize                    = 251658240                              {pd product} {ergonomic}
     bool SegmentedCodeCache                       = true                                      {product} {ergonomic}
   size_t SoftMaxHeapSize                          = 4127195136                             {manageable} {ergonomic}
     intx TieredStopAtLevel                        = 1                                         {product} {command line}
     bool UseCompressedClassPointers               = true                                 {lp64_product} {ergonomic}
     bool UseCompressedOops                        = true                                 {lp64_product} {ergonomic}
     bool UseG1GC                                  = true                                      {product} {ergonomic}
     bool UseLargePagesIndividualAllocation        = false                                  {pd product} {ergonomic}

Logging:
Log output configuration:
 #0: stdout all=off uptime,level,tags
 #1: stderr all=off uptime,level,tags

Environment Variables:
JAVA_HOME=C:\Program Files\Java\jdk-14.0.1
CLASSPATH=.;C:\Program Files\Java\jdk-14.0.1\lib\dt.jar;C:\Program Files\Java\jdk-14.0.1\lib\tools.jar; 
PATH=C:\Windows\system32;C:\Windows;C:\Windows\System32\Wbem;C:\Windows\System32\WindowsPowerShell\v1.0\;C:\Windows\System32\OpenSSH\;C:\Program Files (x86)\NVIDIA Corporation\PhysX\Common;C:\Program Files\NVIDIA Corporation\NVIDIA NvDLISR;C:\Program Files\Java\jdk-14.0.1\bin;C:\Program Files\Java\jdk-14.0.1\jre\bin;C:\Users\memory\AppData\Local\Microsoft\WindowsApps
OS=Windows_NT
PROCESSOR_IDENTIFIER=AMD64 Family 23 Model 96 Stepping 1, AuthenticAMD



---------------  S Y S T E M  ---------------

OS: Windows 10 , 64 bit Build 18362 (10.0.18362.329)
OS uptime: 1 days 23:08 hours

CPU:total 12 (initial active 12) (12 cores per cpu, 2 threads per core) family 23 model 96 stepping 1, cmov, cx8, fxsr, mmx, sse, sse2, sse3, ssse3, sse4.1, sse4.2, popcnt, avx, avx2, aes, clmul, mmxext, 3dnowpref, lzcnt, sse4a, ht, tsc, tscinvbit, tscinv, bmi1, bmi2, adx, sha, fma

Memory: 4k page, system-wide physical 15741M (7262M free)
TotalPageFile size 18685M (AvailPageFile size 6797M)
current process WorkingSet (physical memory assigned to process): 305M, peak: 305M
current process commit charge ("private bytes"): 277M, peak: 377M

vm_info: Java HotSpot(TM) 64-Bit Server VM (14.0.1+7) for windows-amd64 JRE (14.0.1+7), built on Mar  5 2020 10:30:14 by "mach5one" with MS VC++ 15.9 (VS2017)

END.
