#
# A fatal error has been detected by the Java Runtime Environment:
#
#  Internal Error (0xc000000d), pid=3568, tid=9072
#
# JRE version: Java(TM) SE Runtime Environment (14.0.1+7) (build 14.0.1+7)
# Java VM: Java HotSpot(TM) 64-Bit Server VM (14.0.1+7, mixed mode, sharing, tiered, compressed oops, g1 gc, windows-amd64)
# Problematic frame:
# C  [ntdll.dll+0x10f260]
#
# No core dump will be written. Minidumps are not enabled by default on client versions of Windows
#
# If you would like to submit a bug report, please visit:
#   https://bugreport.java.com/bugreport/crash.jsp
#

---------------  S U M M A R Y ------------

Command Line: -javaagent:D:\IntelliJ IDEA 2019.3.5\lib\idea_rt.jar=60295:D:\IntelliJ IDEA 2019.3.5\bin -Dfile.encoding=UTF-8 com.biye.demo.entity.TakePhotos

Host: AMD Ryzen 5 4600H with Radeon Graphics         , 12 cores, 15G,  Windows 10 , 64 bit Build 18362 (10.0.18362.329)
Time: Fri May 22 20:40:59 2020 ?D1¨²¡À¨º¡Á?¨º¡À?? elapsed time: 14 seconds (0d 0h 0m 14s)

---------------  T H R E A D  ---------------

Current thread (0x00000180c865d800):  VMThread "VM Thread" [stack: 0x0000006fdda00000,0x0000006fddb00000] [id=9072]

Stack: [0x0000006fdda00000,0x0000006fddb00000],  sp=0x0000006fddafe750,  free space=1017k
Native frames: (J=compiled Java code, j=interpreted, Vv=VM code, C=native code)
C  [ntdll.dll+0x10f260]
C  [ntdll.dll+0x365bb]
C  [ntdll.dll+0x36604]
C  [RTWorkQ.DLL+0xa7a9]


siginfo: EXCEPTION_?? (0xc000000d)


Register to memory mapping:

RIP=0x00007ff8d4a8f260 ntdll.dll
RAX=0x0000000000000100 is an unknown value
RBX=0x00000180ca323310 points into unknown readable memory: 01 00 00 00 00 00 00 00
RCX=0x00000006ffffffff is an unknown value
RDX=0x0000010101010100 is an unknown value
RSP=0x0000006fddafe750 points into unknown readable memory: 57 00 00 00 00 00 00 00
RBP=0x00000180cbd80260 points into unknown readable memory: 08 80 bf c3 f8 7f 00 00
RSI=0x00000180cbd80498 points into unknown readable memory: 40 84 bf c3 f8 7f 00 00
RDI=0x00000180cbd85fc0 points into unknown readable memory: 00 00 00 00 00 00 00 00
R8 =0x0 is NULL
R9 =0x0 is NULL
R10=0x0 is NULL
R11=0x0 is NULL
R12=0x0 is NULL
R13=0x0 is NULL
R14=0x00000180a2b9d870 points into unknown readable memory: 20 86 bf c3 f8 7f 00 00
R15=0x00000180cbd6b1b0 points into unknown readable memory: d0 85 bf c3 f8 7f 00 00


Registers:
RAX=0x0000000000000100, RBX=0x00000180ca323310, RCX=0x00000006ffffffff, RDX=0x0000010101010100
RSP=0x0000006fddafe750, RBP=0x00000180cbd80260, RSI=0x00000180cbd80498, RDI=0x00000180cbd85fc0
R8 =0x0000000000000000, R9 =0x0000000000000000, R10=0x0000000000000000, R11=0x0000000000000000
R12=0x0000000000000000, R13=0x0000000000000000, R14=0x00000180a2b9d870, R15=0x00000180cbd6b1b0
RIP=0x00007ff8d4a8f260, EFLAGS=0x0000000000000202

Top of Stack: (sp=0x0000006fddafe750)
0x0000006fddafe750:   0000000000000057 00000180ca323310
0x0000006fddafe760:   00000180cbd80498 00007ff8d49ad04a
0x0000006fddafe770:   00000000c000000d 0000000000000000
0x0000006fddafe780:   00007ff8d4a8f260 0000000000000000
0x0000006fddafe790:   0000000000000000 0000000000000000
0x0000006fddafe7a0:   0000000000000000 0000000000000000
0x0000006fddafe7b0:   0000000000000000 0000000000000000
0x0000006fddafe7c0:   0000000000000000 0000000000000000
0x0000006fddafe7d0:   0000000000000000 0000000000000000
0x0000006fddafe7e0:   0000000000000000 0000000000000000
0x0000006fddafe7f0:   0000000000000000 0000000000000000
0x0000006fddafe800:   0000000000000000 0000000000000000
0x0000006fddafe810:   0000b2179449bde5 0000000000000000
0x0000006fddafe820:   0000000000000000 00007ff8d49b65bb
0x0000006fddafe830:   0000000000000000 0000000000000000
0x0000006fddafe840:   0000000000000000 0000000000000000 

Instructions: (pc=0x00007ff8d4a8f260)
0x00007ff8d4a8f160:   5f c3 cc cc cc cc cc cc 48 81 ec d8 00 00 00 48
0x00007ff8d4a8f170:   8b 05 6a e3 06 00 48 33 c4 48 89 84 24 c0 00 00
0x00007ff8d4a8f180:   00 4d 85 c0 74 33 4d 8b 48 50 48 8d 05 ef f8 f1
0x00007ff8d4a8f190:   ff c7 44 24 38 05 00 00 00 4c 3b c8 75 0a 49 8b
0x00007ff8d4a8f1a0:   40 58 4c 8b 50 20 eb 03 45 33 d2 4d 85 d2 4d 0f
0x00007ff8d4a8f1b0:   45 ca 4c 89 4c 24 60 eb 08 c7 44 24 38 04 00 00
0x00007ff8d4a8f1c0:   00 48 83 64 24 28 00 48 83 64 24 58 00 48 63 c1
0x00007ff8d4a8f1d0:   48 8d 4c 24 20 48 89 44 24 40 c7 44 24 20 0a 07
0x00007ff8d4a8f1e0:   00 c0 48 89 54 24 48 4c 89 44 24 50 c7 44 24 24
0x00007ff8d4a8f1f0:   01 00 00 00 e8 f7 ac f5 ff 48 8b 8c 24 c0 00 00
0x00007ff8d4a8f200:   00 48 33 cc e8 a7 cf f7 ff 48 81 c4 d8 00 00 00
0x00007ff8d4a8f210:   c3 cc cc cc cc cc cc cc 48 81 ec d8 00 00 00 48
0x00007ff8d4a8f220:   8b 05 ba e2 06 00 48 33 c4 48 89 84 24 c0 00 00
0x00007ff8d4a8f230:   00 33 d2 41 b8 94 00 00 00 48 8d 4c 24 24 e8 bd
0x00007ff8d4a8f240:   3d f9 ff c7 44 24 20 0d 00 00 c0 b9 57 00 00 00
0x00007ff8d4a8f250:   e8 3b 43 f4 ff 90 48 8d 4c 24 20 e8 90 ac f5 ff
0x00007ff8d4a8f260:   eb 00 48 8b 8c 24 c0 00 00 00 48 33 cc e8 3e cf
0x00007ff8d4a8f270:   f7 ff 48 81 c4 d8 00 00 00 c3 40 55 48 83 ec 20
0x00007ff8d4a8f280:   48 8b ea e8 10 00 00 00 90 48 83 c4 20 5d c3 cc
0x00007ff8d4a8f290:   cc cc cc cc cc cc cc cc 48 83 ec 28 48 8b 51 08
0x00007ff8d4a8f2a0:   41 b8 03 00 00 00 48 8b 09 e8 c2 c8 fc ff 33 c0
0x00007ff8d4a8f2b0:   48 83 c4 28 c3 cc cc cc cc cc cc cc 48 8b 01 48
0x00007ff8d4a8f2c0:   83 c9 ff 8b 10 e9 66 d3 f8 ff cc cc cc cc cc cc
0x00007ff8d4a8f2d0:   4c 8b dc 48 81 ec 88 00 00 00 48 8b 05 ff e1 06
0x00007ff8d4a8f2e0:   00 48 33 c4 48 89 44 24 70 48 8b 84 24 b0 00 00
0x00007ff8d4a8f2f0:   00 41 ba 24 1c 00 00 49 89 43 d8 8b 84 24 b8 00
0x00007ff8d4a8f300:   00 00 66 45 89 53 9e 49 89 4b b8 49 89 53 c0 4d
0x00007ff8d4a8f310:   89 43 c8 4d 89 4b d0 89 44 24 68 e8 90 09 f3 ff
0x00007ff8d4a8f320:   85 c0 74 19 65 48 8b 04 25 60 00 00 00 48 8b 88
0x00007ff8d4a8f330:   90 00 00 00 48 81 c1 2c 02 00 00 eb 05 b9 86 03
0x00007ff8d4a8f340:   fe 7f 0f b6 09 4c 8d 4c 24 20 ba 03 04 00 00 41
0x00007ff8d4a8f350:   b8 2c 00 00 00 e8 06 d9 f8 ff 48 8b 4c 24 70 48 


Stack slot to memory mapping:
stack at sp + 0 slots: 0x0000000000000057 is an unknown value
stack at sp + 1 slots: 0x00000180ca323310 points into unknown readable memory: 01 00 00 00 00 00 00 00
stack at sp + 2 slots: 0x00000180cbd80498 points into unknown readable memory: 40 84 bf c3 f8 7f 00 00
stack at sp + 3 slots: 0x00007ff8d49ad04a ntdll.dll
stack at sp + 4 slots: 0x00000000c000000d is an unknown value
stack at sp + 5 slots: 0x0 is NULL
stack at sp + 6 slots: 0x00007ff8d4a8f260 ntdll.dll
stack at sp + 7 slots: 0x0 is NULL

VM_Operation (0x0000006fe02fea50): Exit, mode: safepoint, requested by thread 0x00000180ca4ff000


---------------  P R O C E S S  ---------------

Threads class SMR info:
_java_thread_list=0x00000180cae5d3c0, length=16, elements={
0x00000180a2aa3800, 0x00000180c8ee5000, 0x00000180c8ee6000, 0x00000180c8f08000,
0x00000180c8f0b000, 0x00000180c8f0e800, 0x00000180c8f11800, 0x00000180c8f16000,
0x00000180c8f1f000, 0x00000180c9034800, 0x00000180c9da3000, 0x00000180c925e800,
0x00000180ca049000, 0x00000180ca763800, 0x00000180ca764000, 0x00000180ca4ff000
}

Java Threads: ( => current thread )
  0x00000180a2aa3800 JavaThread "main" [_thread_blocked, id=16388, stack(0x0000006fdd400000,0x0000006fdd500000)]
  0x00000180c8ee5000 JavaThread "Reference Handler" daemon [_thread_blocked, id=18092, stack(0x0000006fddb00000,0x0000006fddc00000)]
  0x00000180c8ee6000 JavaThread "Finalizer" daemon [_thread_blocked, id=2112, stack(0x0000006fddc00000,0x0000006fddd00000)]
  0x00000180c8f08000 JavaThread "Signal Dispatcher" daemon [_thread_blocked, id=15492, stack(0x0000006fddd00000,0x0000006fdde00000)]
  0x00000180c8f0b000 JavaThread "Attach Listener" daemon [_thread_blocked, id=6312, stack(0x0000006fdde00000,0x0000006fddf00000)]
  0x00000180c8f0e800 JavaThread "Service Thread" daemon [_thread_blocked, id=18180, stack(0x0000006fddf00000,0x0000006fde000000)]
  0x00000180c8f11800 JavaThread "C2 CompilerThread0" daemon [_thread_blocked, id=12812, stack(0x0000006fde000000,0x0000006fde100000)]
  0x00000180c8f16000 JavaThread "C1 CompilerThread0" daemon [_thread_blocked, id=2640, stack(0x0000006fde100000,0x0000006fde200000)]
  0x00000180c8f1f000 JavaThread "Sweeper thread" daemon [_thread_blocked, id=16248, stack(0x0000006fde200000,0x0000006fde300000)]
  0x00000180c9034800 JavaThread "Common-Cleaner" daemon [_thread_blocked, id=8680, stack(0x0000006fde300000,0x0000006fde400000)]
  0x00000180c9da3000 JavaThread "Monitor Ctrl-Break" daemon [_thread_in_native, id=7512, stack(0x0000006fde600000,0x0000006fde700000)]
  0x00000180c925e800 JavaThread "Notification Thread" daemon [_thread_blocked, id=11136, stack(0x0000006fde700000,0x0000006fde800000)]
  0x00000180ca049000 JavaThread "JavaCPP Deallocator" daemon [_thread_blocked, id=8004, stack(0x0000006fde900000,0x0000006fdea00000)]
  0x00000180ca763800 JavaThread "Java2D Disposer" daemon [_thread_blocked, id=14408, stack(0x0000006fdf600000,0x0000006fdf700000)]
  0x00000180ca764000 JavaThread "AWT-Shutdown" [_thread_blocked, id=14564, stack(0x0000006fdf700000,0x0000006fdf800000)]
  0x00000180ca4ff000 JavaThread "AWT-EventQueue-0" [_thread_blocked, id=3040, stack(0x0000006fe0200000,0x0000006fe0300000)]

Other Threads:
=>0x00000180c865d800 VMThread "VM Thread" [stack: 0x0000006fdda00000,0x0000006fddb00000] [id=9072]
  0x00000180a2b0a000 GCTaskThread "GC Thread#0" [stack: 0x0000006fdd500000,0x0000006fdd600000] [id=10252]
  0x00000180ca41d800 GCTaskThread "GC Thread#1" [stack: 0x0000006fde400000,0x0000006fde500000] [id=10552]
  0x00000180ca442000 GCTaskThread "GC Thread#2" [stack: 0x0000006fdea00000,0x0000006fdeb00000] [id=2424]
  0x00000180ca43c800 GCTaskThread "GC Thread#3" [stack: 0x0000006fdeb00000,0x0000006fdec00000] [id=19580]
  0x00000180ca43d000 GCTaskThread "GC Thread#4" [stack: 0x0000006fdec00000,0x0000006fded00000] [id=5620]
  0x00000180a2b2b000 ConcurrentGCThread "G1 Main Marker" [stack: 0x0000006fdd600000,0x0000006fdd700000] [id=19028]
  0x00000180a2b2d000 ConcurrentGCThread "G1 Conc#0" [stack: 0x0000006fdd700000,0x0000006fdd800000] [id=8736]
  0x00000180c8538800 ConcurrentGCThread "G1 Refine#0" [stack: 0x0000006fdd800000,0x0000006fdd900000] [id=10280]
  0x00000180c853b000 ConcurrentGCThread "G1 Young RemSet Sampling" [stack: 0x0000006fdd900000,0x0000006fdda00000] [id=18788]

Threads with active compile tasks:
C1 CompilerThread0    14227 1578       3       java.util.IdentityHashMap$IdentityHashMapIterator::nextIndex (72 bytes)

VM state:at safepoint (shutting down)

VM Mutex/Monitor currently owned by a thread:  ([mutex/lock_event])
[0x00000180a2a9f250] Threads_lock - owner thread: 0x00000180c865d800
[0x00000180a2a9e5f0] Heap_lock - owner thread: 0x00000180ca4ff000

Heap address: 0x000000070a000000, size: 3936 MB, Compressed Oops mode: Zero based, Oop shift amount: 3
Narrow klass base: 0x0000000800000000, Narrow klass shift: 3
Compressed class space size: 1073741824 Address: 0x0000000800b30000

Heap:
 garbage-first heap   total 251904K, used 42622K [0x000000070a000000, 0x0000000800000000)
  region size 1024K, 36 young (36864K), 1 survivors (1024K)
 Metaspace       used 11425K, capacity 11673K, committed 11904K, reserved 1060864K
  class space    used 1177K, capacity 1287K, committed 1408K, reserved 1048576K
Heap Regions: E=young(eden), S=young(survivor), O=old, HS=humongous(starts), HC=humongous(continues), CS=collection set, F=free, OA=open archive, CA=closed archive, TAMS=top-at-mark-start (previous, next)
|   0|0x000000070a000000, 0x000000070a100000, 0x000000070a100000|100%| O|  |TAMS 0x000000070a000000, 0x000000070a000000| Untracked 
|   1|0x000000070a100000, 0x000000070a200000, 0x000000070a200000|100%| O|  |TAMS 0x000000070a100000, 0x000000070a100000| Untracked 
|   2|0x000000070a200000, 0x000000070a300000, 0x000000070a300000|100%| O|  |TAMS 0x000000070a200000, 0x000000070a200000| Untracked 
|   3|0x000000070a300000, 0x000000070a400000, 0x000000070a400000|100%| O|  |TAMS 0x000000070a300000, 0x000000070a300000| Untracked 
|   4|0x000000070a400000, 0x000000070a500000, 0x000000070a500000|100%| O|  |TAMS 0x000000070a400000, 0x000000070a400000| Untracked 
|   5|0x000000070a500000, 0x000000070a600000, 0x000000070a600000|100%| O|  |TAMS 0x000000070a500000, 0x000000070a500000| Untracked 
|   6|0x000000070a600000, 0x000000070a652400, 0x000000070a700000| 32%| O|  |TAMS 0x000000070a600000, 0x000000070a600000| Untracked 
|   7|0x000000070a700000, 0x000000070a800000, 0x000000070a800000|100%|HS|  |TAMS 0x000000070a700000, 0x000000070a700000| Complete 
|   8|0x000000070a800000, 0x000000070a800000, 0x000000070a900000|  0%| F|  |TAMS 0x000000070a800000, 0x000000070a800000| Untracked 
|   9|0x000000070a900000, 0x000000070a900000, 0x000000070aa00000|  0%| F|  |TAMS 0x000000070a900000, 0x000000070a900000| Untracked 
|  10|0x000000070aa00000, 0x000000070aa00000, 0x000000070ab00000|  0%| F|  |TAMS 0x000000070aa00000, 0x000000070aa00000| Untracked 
|  11|0x000000070ab00000, 0x000000070ab00000, 0x000000070ac00000|  0%| F|  |TAMS 0x000000070ab00000, 0x000000070ab00000| Untracked 
|  12|0x000000070ac00000, 0x000000070ac00000, 0x000000070ad00000|  0%| F|  |TAMS 0x000000070ac00000, 0x000000070ac00000| Untracked 
|  13|0x000000070ad00000, 0x000000070ad00000, 0x000000070ae00000|  0%| F|  |TAMS 0x000000070ad00000, 0x000000070ad00000| Untracked 
|  14|0x000000070ae00000, 0x000000070ae00000, 0x000000070af00000|  0%| F|  |TAMS 0x000000070ae00000, 0x000000070ae00000| Untracked 
|  15|0x000000070af00000, 0x000000070af00000, 0x000000070b000000|  0%| F|  |TAMS 0x000000070af00000, 0x000000070af00000| Untracked 
|  16|0x000000070b000000, 0x000000070b000000, 0x000000070b100000|  0%| F|  |TAMS 0x000000070b000000, 0x000000070b000000| Untracked 
|  17|0x000000070b100000, 0x000000070b100000, 0x000000070b200000|  0%| F|  |TAMS 0x000000070b100000, 0x000000070b100000| Untracked 
|  18|0x000000070b200000, 0x000000070b200000, 0x000000070b300000|  0%| F|  |TAMS 0x000000070b200000, 0x000000070b200000| Untracked 
|  19|0x000000070b300000, 0x000000070b300000, 0x000000070b400000|  0%| F|  |TAMS 0x000000070b300000, 0x000000070b300000| Untracked 
|  20|0x000000070b400000, 0x000000070b400000, 0x000000070b500000|  0%| F|  |TAMS 0x000000070b400000, 0x000000070b400000| Untracked 
|  21|0x000000070b500000, 0x000000070b500000, 0x000000070b600000|  0%| F|  |TAMS 0x000000070b500000, 0x000000070b500000| Untracked 
|  22|0x000000070b600000, 0x000000070b600000, 0x000000070b700000|  0%| F|  |TAMS 0x000000070b600000, 0x000000070b600000| Untracked 
|  23|0x000000070b700000, 0x000000070b700000, 0x000000070b800000|  0%| F|  |TAMS 0x000000070b700000, 0x000000070b700000| Untracked 
|  24|0x000000070b800000, 0x000000070b800000, 0x000000070b900000|  0%| F|  |TAMS 0x000000070b800000, 0x000000070b800000| Untracked 
|  25|0x000000070b900000, 0x000000070b900000, 0x000000070ba00000|  0%| F|  |TAMS 0x000000070b900000, 0x000000070b900000| Untracked 
|  26|0x000000070ba00000, 0x000000070ba00000, 0x000000070bb00000|  0%| F|  |TAMS 0x000000070ba00000, 0x000000070ba00000| Untracked 
|  27|0x000000070bb00000, 0x000000070bb00000, 0x000000070bc00000|  0%| F|  |TAMS 0x000000070bb00000, 0x000000070bb00000| Untracked 
|  28|0x000000070bc00000, 0x000000070bc00000, 0x000000070bd00000|  0%| F|  |TAMS 0x000000070bc00000, 0x000000070bc00000| Untracked 
|  29|0x000000070bd00000, 0x000000070bd00000, 0x000000070be00000|  0%| F|  |TAMS 0x000000070bd00000, 0x000000070bd00000| Untracked 
|  30|0x000000070be00000, 0x000000070be00000, 0x000000070bf00000|  0%| F|  |TAMS 0x000000070be00000, 0x000000070be00000| Untracked 
|  31|0x000000070bf00000, 0x000000070bf00000, 0x000000070c000000|  0%| F|  |TAMS 0x000000070bf00000, 0x000000070bf00000| Untracked 
|  32|0x000000070c000000, 0x000000070c000000, 0x000000070c100000|  0%| F|  |TAMS 0x000000070c000000, 0x000000070c000000| Untracked 
|  33|0x000000070c100000, 0x000000070c100000, 0x000000070c200000|  0%| F|  |TAMS 0x000000070c100000, 0x000000070c100000| Untracked 
|  34|0x000000070c200000, 0x000000070c200000, 0x000000070c300000|  0%| F|  |TAMS 0x000000070c200000, 0x000000070c200000| Untracked 
|  35|0x000000070c300000, 0x000000070c300000, 0x000000070c400000|  0%| F|  |TAMS 0x000000070c300000, 0x000000070c300000| Untracked 
|  36|0x000000070c400000, 0x000000070c400000, 0x000000070c500000|  0%| F|  |TAMS 0x000000070c400000, 0x000000070c400000| Untracked 
|  37|0x000000070c500000, 0x000000070c500000, 0x000000070c600000|  0%| F|  |TAMS 0x000000070c500000, 0x000000070c500000| Untracked 
|  38|0x000000070c600000, 0x000000070c600000, 0x000000070c700000|  0%| F|  |TAMS 0x000000070c600000, 0x000000070c600000| Untracked 
|  39|0x000000070c700000, 0x000000070c700000, 0x000000070c800000|  0%| F|  |TAMS 0x000000070c700000, 0x000000070c700000| Untracked 
|  40|0x000000070c800000, 0x000000070c800000, 0x000000070c900000|  0%| F|  |TAMS 0x000000070c800000, 0x000000070c800000| Untracked 
|  41|0x000000070c900000, 0x000000070c900000, 0x000000070ca00000|  0%| F|  |TAMS 0x000000070c900000, 0x000000070c900000| Untracked 
|  42|0x000000070ca00000, 0x000000070ca00000, 0x000000070cb00000|  0%| F|  |TAMS 0x000000070ca00000, 0x000000070ca00000| Untracked 
|  43|0x000000070cb00000, 0x000000070cb00000, 0x000000070cc00000|  0%| F|  |TAMS 0x000000070cb00000, 0x000000070cb00000| Untracked 
|  44|0x000000070cc00000, 0x000000070cc00000, 0x000000070cd00000|  0%| F|  |TAMS 0x000000070cc00000, 0x000000070cc00000| Untracked 
|  45|0x000000070cd00000, 0x000000070cd00000, 0x000000070ce00000|  0%| F|  |TAMS 0x000000070cd00000, 0x000000070cd00000| Untracked 
|  46|0x000000070ce00000, 0x000000070ce00000, 0x000000070cf00000|  0%| F|  |TAMS 0x000000070ce00000, 0x000000070ce00000| Untracked 
|  47|0x000000070cf00000, 0x000000070cf00000, 0x000000070d000000|  0%| F|  |TAMS 0x000000070cf00000, 0x000000070cf00000| Untracked 
|  48|0x000000070d000000, 0x000000070d000000, 0x000000070d100000|  0%| F|  |TAMS 0x000000070d000000, 0x000000070d000000| Untracked 
|  49|0x000000070d100000, 0x000000070d100000, 0x000000070d200000|  0%| F|  |TAMS 0x000000070d100000, 0x000000070d100000| Untracked 
|  50|0x000000070d200000, 0x000000070d200000, 0x000000070d300000|  0%| F|  |TAMS 0x000000070d200000, 0x000000070d200000| Untracked 
|  51|0x000000070d300000, 0x000000070d300000, 0x000000070d400000|  0%| F|  |TAMS 0x000000070d300000, 0x000000070d300000| Untracked 
|  52|0x000000070d400000, 0x000000070d400000, 0x000000070d500000|  0%| F|  |TAMS 0x000000070d400000, 0x000000070d400000| Untracked 
|  53|0x000000070d500000, 0x000000070d500000, 0x000000070d600000|  0%| F|  |TAMS 0x000000070d500000, 0x000000070d500000| Untracked 
|  54|0x000000070d600000, 0x000000070d600000, 0x000000070d700000|  0%| F|  |TAMS 0x000000070d600000, 0x000000070d600000| Untracked 
|  55|0x000000070d700000, 0x000000070d700000, 0x000000070d800000|  0%| F|  |TAMS 0x000000070d700000, 0x000000070d700000| Untracked 
|  56|0x000000070d800000, 0x000000070d800000, 0x000000070d900000|  0%| F|  |TAMS 0x000000070d800000, 0x000000070d800000| Untracked 
|  57|0x000000070d900000, 0x000000070d900000, 0x000000070da00000|  0%| F|  |TAMS 0x000000070d900000, 0x000000070d900000| Untracked 
|  58|0x000000070da00000, 0x000000070da00000, 0x000000070db00000|  0%| F|  |TAMS 0x000000070da00000, 0x000000070da00000| Untracked 
|  59|0x000000070db00000, 0x000000070db00000, 0x000000070dc00000|  0%| F|  |TAMS 0x000000070db00000, 0x000000070db00000| Untracked 
|  60|0x000000070dc00000, 0x000000070dc00000, 0x000000070dd00000|  0%| F|  |TAMS 0x000000070dc00000, 0x000000070dc00000| Untracked 
|  61|0x000000070dd00000, 0x000000070dd00000, 0x000000070de00000|  0%| F|  |TAMS 0x000000070dd00000, 0x000000070dd00000| Untracked 
|  62|0x000000070de00000, 0x000000070de00000, 0x000000070df00000|  0%| F|  |TAMS 0x000000070de00000, 0x000000070de00000| Untracked 
|  63|0x000000070df00000, 0x000000070df00000, 0x000000070e000000|  0%| F|  |TAMS 0x000000070df00000, 0x000000070df00000| Untracked 
|  64|0x000000070e000000, 0x000000070e000000, 0x000000070e100000|  0%| F|  |TAMS 0x000000070e000000, 0x000000070e000000| Untracked 
|  65|0x000000070e100000, 0x000000070e100000, 0x000000070e200000|  0%| F|  |TAMS 0x000000070e100000, 0x000000070e100000| Untracked 
|  66|0x000000070e200000, 0x000000070e200000, 0x000000070e300000|  0%| F|  |TAMS 0x000000070e200000, 0x000000070e200000| Untracked 
|  67|0x000000070e300000, 0x000000070e300000, 0x000000070e400000|  0%| F|  |TAMS 0x000000070e300000, 0x000000070e300000| Untracked 
|  68|0x000000070e400000, 0x000000070e400000, 0x000000070e500000|  0%| F|  |TAMS 0x000000070e400000, 0x000000070e400000| Untracked 
|  69|0x000000070e500000, 0x000000070e500000, 0x000000070e600000|  0%| F|  |TAMS 0x000000070e500000, 0x000000070e500000| Untracked 
|  70|0x000000070e600000, 0x000000070e600000, 0x000000070e700000|  0%| F|  |TAMS 0x000000070e600000, 0x000000070e600000| Untracked 
|  71|0x000000070e700000, 0x000000070e700000, 0x000000070e800000|  0%| F|  |TAMS 0x000000070e700000, 0x000000070e700000| Untracked 
|  72|0x000000070e800000, 0x000000070e800000, 0x000000070e900000|  0%| F|  |TAMS 0x000000070e800000, 0x000000070e800000| Untracked 
|  73|0x000000070e900000, 0x000000070e900000, 0x000000070ea00000|  0%| F|  |TAMS 0x000000070e900000, 0x000000070e900000| Untracked 
|  74|0x000000070ea00000, 0x000000070ea00000, 0x000000070eb00000|  0%| F|  |TAMS 0x000000070ea00000, 0x000000070ea00000| Untracked 
|  75|0x000000070eb00000, 0x000000070eb00000, 0x000000070ec00000|  0%| F|  |TAMS 0x000000070eb00000, 0x000000070eb00000| Untracked 
|  76|0x000000070ec00000, 0x000000070ec00000, 0x000000070ed00000|  0%| F|  |TAMS 0x000000070ec00000, 0x000000070ec00000| Untracked 
|  77|0x000000070ed00000, 0x000000070ed00000, 0x000000070ee00000|  0%| F|  |TAMS 0x000000070ed00000, 0x000000070ed00000| Untracked 
|  78|0x000000070ee00000, 0x000000070ee00000, 0x000000070ef00000|  0%| F|  |TAMS 0x000000070ee00000, 0x000000070ee00000| Untracked 
|  79|0x000000070ef00000, 0x000000070ef00000, 0x000000070f000000|  0%| F|  |TAMS 0x000000070ef00000, 0x000000070ef00000| Untracked 
|  80|0x000000070f000000, 0x000000070f000000, 0x000000070f100000|  0%| F|  |TAMS 0x000000070f000000, 0x000000070f000000| Untracked 
|  81|0x000000070f100000, 0x000000070f100000, 0x000000070f200000|  0%| F|  |TAMS 0x000000070f100000, 0x000000070f100000| Untracked 
|  82|0x000000070f200000, 0x000000070f200000, 0x000000070f300000|  0%| F|  |TAMS 0x000000070f200000, 0x000000070f200000| Untracked 
|  83|0x000000070f300000, 0x000000070f300000, 0x000000070f400000|  0%| F|  |TAMS 0x000000070f300000, 0x000000070f300000| Untracked 
|  84|0x000000070f400000, 0x000000070f400000, 0x000000070f500000|  0%| F|  |TAMS 0x000000070f400000, 0x000000070f400000| Untracked 
|  85|0x000000070f500000, 0x000000070f500000, 0x000000070f600000|  0%| F|  |TAMS 0x000000070f500000, 0x000000070f500000| Untracked 
|  86|0x000000070f600000, 0x000000070f600000, 0x000000070f700000|  0%| F|  |TAMS 0x000000070f600000, 0x000000070f600000| Untracked 
|  87|0x000000070f700000, 0x000000070f700000, 0x000000070f800000|  0%| F|  |TAMS 0x000000070f700000, 0x000000070f700000| Untracked 
|  88|0x000000070f800000, 0x000000070f800000, 0x000000070f900000|  0%| F|  |TAMS 0x000000070f800000, 0x000000070f800000| Untracked 
|  89|0x000000070f900000, 0x000000070f900000, 0x000000070fa00000|  0%| F|  |TAMS 0x000000070f900000, 0x000000070f900000| Untracked 
|  90|0x000000070fa00000, 0x000000070fa00000, 0x000000070fb00000|  0%| F|  |TAMS 0x000000070fa00000, 0x000000070fa00000| Untracked 
|  91|0x000000070fb00000, 0x000000070fb00000, 0x000000070fc00000|  0%| F|  |TAMS 0x000000070fb00000, 0x000000070fb00000| Untracked 
|  92|0x000000070fc00000, 0x000000070fc00000, 0x000000070fd00000|  0%| F|  |TAMS 0x000000070fc00000, 0x000000070fc00000| Untracked 
|  93|0x000000070fd00000, 0x000000070fd00000, 0x000000070fe00000|  0%| F|  |TAMS 0x000000070fd00000, 0x000000070fd00000| Untracked 
|  94|0x000000070fe00000, 0x000000070fe00000, 0x000000070ff00000|  0%| F|  |TAMS 0x000000070fe00000, 0x000000070fe00000| Untracked 
|  95|0x000000070ff00000, 0x000000070ff00000, 0x0000000710000000|  0%| F|  |TAMS 0x000000070ff00000, 0x000000070ff00000| Untracked 
|  96|0x0000000710000000, 0x0000000710000000, 0x0000000710100000|  0%| F|  |TAMS 0x0000000710000000, 0x0000000710000000| Untracked 
|  97|0x0000000710100000, 0x0000000710100000, 0x0000000710200000|  0%| F|  |TAMS 0x0000000710100000, 0x0000000710100000| Untracked 
|  98|0x0000000710200000, 0x0000000710200000, 0x0000000710300000|  0%| F|  |TAMS 0x0000000710200000, 0x0000000710200000| Untracked 
|  99|0x0000000710300000, 0x0000000710300000, 0x0000000710400000|  0%| F|  |TAMS 0x0000000710300000, 0x0000000710300000| Untracked 
| 100|0x0000000710400000, 0x0000000710400000, 0x0000000710500000|  0%| F|  |TAMS 0x0000000710400000, 0x0000000710400000| Untracked 
| 101|0x0000000710500000, 0x0000000710500000, 0x0000000710600000|  0%| F|  |TAMS 0x0000000710500000, 0x0000000710500000| Untracked 
| 102|0x0000000710600000, 0x0000000710600000, 0x0000000710700000|  0%| F|  |TAMS 0x0000000710600000, 0x0000000710600000| Untracked 
| 103|0x0000000710700000, 0x0000000710700000, 0x0000000710800000|  0%| F|  |TAMS 0x0000000710700000, 0x0000000710700000| Untracked 
| 104|0x0000000710800000, 0x0000000710800000, 0x0000000710900000|  0%| F|  |TAMS 0x0000000710800000, 0x0000000710800000| Untracked 
| 105|0x0000000710900000, 0x0000000710900000, 0x0000000710a00000|  0%| F|  |TAMS 0x0000000710900000, 0x0000000710900000| Untracked 
| 106|0x0000000710a00000, 0x0000000710a00000, 0x0000000710b00000|  0%| F|  |TAMS 0x0000000710a00000, 0x0000000710a00000| Untracked 
| 107|0x0000000710b00000, 0x0000000710b00000, 0x0000000710c00000|  0%| F|  |TAMS 0x0000000710b00000, 0x0000000710b00000| Untracked 
| 108|0x0000000710c00000, 0x0000000710c00000, 0x0000000710d00000|  0%| F|  |TAMS 0x0000000710c00000, 0x0000000710c00000| Untracked 
| 109|0x0000000710d00000, 0x0000000710d00000, 0x0000000710e00000|  0%| F|  |TAMS 0x0000000710d00000, 0x0000000710d00000| Untracked 
| 110|0x0000000710e00000, 0x0000000710e00000, 0x0000000710f00000|  0%| F|  |TAMS 0x0000000710e00000, 0x0000000710e00000| Untracked 
| 111|0x0000000710f00000, 0x0000000710f00000, 0x0000000711000000|  0%| F|  |TAMS 0x0000000710f00000, 0x0000000710f00000| Untracked 
| 112|0x0000000711000000, 0x0000000711000000, 0x0000000711100000|  0%| F|  |TAMS 0x0000000711000000, 0x0000000711000000| Untracked 
| 113|0x0000000711100000, 0x0000000711100000, 0x0000000711200000|  0%| F|  |TAMS 0x0000000711100000, 0x0000000711100000| Untracked 
| 114|0x0000000711200000, 0x0000000711200000, 0x0000000711300000|  0%| F|  |TAMS 0x0000000711200000, 0x0000000711200000| Untracked 
| 115|0x0000000711300000, 0x0000000711300000, 0x0000000711400000|  0%| F|  |TAMS 0x0000000711300000, 0x0000000711300000| Untracked 
| 116|0x0000000711400000, 0x0000000711400000, 0x0000000711500000|  0%| F|  |TAMS 0x0000000711400000, 0x0000000711400000| Untracked 
| 117|0x0000000711500000, 0x0000000711500000, 0x0000000711600000|  0%| F|  |TAMS 0x0000000711500000, 0x0000000711500000| Untracked 
| 118|0x0000000711600000, 0x0000000711600000, 0x0000000711700000|  0%| F|  |TAMS 0x0000000711600000, 0x0000000711600000| Untracked 
| 119|0x0000000711700000, 0x0000000711700000, 0x0000000711800000|  0%| F|  |TAMS 0x0000000711700000, 0x0000000711700000| Untracked 
| 120|0x0000000711800000, 0x0000000711800000, 0x0000000711900000|  0%| F|  |TAMS 0x0000000711800000, 0x0000000711800000| Untracked 
| 121|0x0000000711900000, 0x0000000711900000, 0x0000000711a00000|  0%| F|  |TAMS 0x0000000711900000, 0x0000000711900000| Untracked 
| 122|0x0000000711a00000, 0x0000000711a00000, 0x0000000711b00000|  0%| F|  |TAMS 0x0000000711a00000, 0x0000000711a00000| Untracked 
| 123|0x0000000711b00000, 0x0000000711b00000, 0x0000000711c00000|  0%| F|  |TAMS 0x0000000711b00000, 0x0000000711b00000| Untracked 
| 124|0x0000000711c00000, 0x0000000711c00000, 0x0000000711d00000|  0%| F|  |TAMS 0x0000000711c00000, 0x0000000711c00000| Untracked 
| 125|0x0000000711d00000, 0x0000000711d00000, 0x0000000711e00000|  0%| F|  |TAMS 0x0000000711d00000, 0x0000000711d00000| Untracked 
| 126|0x0000000711e00000, 0x0000000711e00000, 0x0000000711f00000|  0%| F|  |TAMS 0x0000000711e00000, 0x0000000711e00000| Untracked 
| 127|0x0000000711f00000, 0x0000000711f00000, 0x0000000712000000|  0%| F|  |TAMS 0x0000000711f00000, 0x0000000711f00000| Untracked 
| 128|0x0000000712000000, 0x0000000712000000, 0x0000000712100000|  0%| F|  |TAMS 0x0000000712000000, 0x0000000712000000| Untracked 
| 129|0x0000000712100000, 0x0000000712100000, 0x0000000712200000|  0%| F|  |TAMS 0x0000000712100000, 0x0000000712100000| Untracked 
| 130|0x0000000712200000, 0x0000000712200000, 0x0000000712300000|  0%| F|  |TAMS 0x0000000712200000, 0x0000000712200000| Untracked 
| 131|0x0000000712300000, 0x0000000712300000, 0x0000000712400000|  0%| F|  |TAMS 0x0000000712300000, 0x0000000712300000| Untracked 
| 132|0x0000000712400000, 0x0000000712400000, 0x0000000712500000|  0%| F|  |TAMS 0x0000000712400000, 0x0000000712400000| Untracked 
| 133|0x0000000712500000, 0x0000000712500000, 0x0000000712600000|  0%| F|  |TAMS 0x0000000712500000, 0x0000000712500000| Untracked 
| 134|0x0000000712600000, 0x0000000712600000, 0x0000000712700000|  0%| F|  |TAMS 0x0000000712600000, 0x0000000712600000| Untracked 
| 135|0x0000000712700000, 0x0000000712700000, 0x0000000712800000|  0%| F|  |TAMS 0x0000000712700000, 0x0000000712700000| Untracked 
| 136|0x0000000712800000, 0x0000000712800000, 0x0000000712900000|  0%| F|  |TAMS 0x0000000712800000, 0x0000000712800000| Untracked 
| 137|0x0000000712900000, 0x0000000712900000, 0x0000000712a00000|  0%| F|  |TAMS 0x0000000712900000, 0x0000000712900000| Untracked 
| 138|0x0000000712a00000, 0x0000000712a00000, 0x0000000712b00000|  0%| F|  |TAMS 0x0000000712a00000, 0x0000000712a00000| Untracked 
| 139|0x0000000712b00000, 0x0000000712b00000, 0x0000000712c00000|  0%| F|  |TAMS 0x0000000712b00000, 0x0000000712b00000| Untracked 
| 140|0x0000000712c00000, 0x0000000712c00000, 0x0000000712d00000|  0%| F|  |TAMS 0x0000000712c00000, 0x0000000712c00000| Untracked 
| 141|0x0000000712d00000, 0x0000000712d00000, 0x0000000712e00000|  0%| F|  |TAMS 0x0000000712d00000, 0x0000000712d00000| Untracked 
| 142|0x0000000712e00000, 0x0000000712e00000, 0x0000000712f00000|  0%| F|  |TAMS 0x0000000712e00000, 0x0000000712e00000| Untracked 
| 143|0x0000000712f00000, 0x0000000712f00000, 0x0000000713000000|  0%| F|  |TAMS 0x0000000712f00000, 0x0000000712f00000| Untracked 
| 144|0x0000000713000000, 0x0000000713000000, 0x0000000713100000|  0%| F|  |TAMS 0x0000000713000000, 0x0000000713000000| Untracked 
| 145|0x0000000713100000, 0x0000000713100000, 0x0000000713200000|  0%| F|  |TAMS 0x0000000713100000, 0x0000000713100000| Untracked 
| 146|0x0000000713200000, 0x0000000713200000, 0x0000000713300000|  0%| F|  |TAMS 0x0000000713200000, 0x0000000713200000| Untracked 
| 147|0x0000000713300000, 0x0000000713300000, 0x0000000713400000|  0%| F|  |TAMS 0x0000000713300000, 0x0000000713300000| Untracked 
| 148|0x0000000713400000, 0x0000000713400000, 0x0000000713500000|  0%| F|  |TAMS 0x0000000713400000, 0x0000000713400000| Untracked 
| 149|0x0000000713500000, 0x0000000713500000, 0x0000000713600000|  0%| F|  |TAMS 0x0000000713500000, 0x0000000713500000| Untracked 
| 150|0x0000000713600000, 0x0000000713600000, 0x0000000713700000|  0%| F|  |TAMS 0x0000000713600000, 0x0000000713600000| Untracked 
| 151|0x0000000713700000, 0x0000000713700000, 0x0000000713800000|  0%| F|  |TAMS 0x0000000713700000, 0x0000000713700000| Untracked 
| 152|0x0000000713800000, 0x0000000713800000, 0x0000000713900000|  0%| F|  |TAMS 0x0000000713800000, 0x0000000713800000| Untracked 
| 153|0x0000000713900000, 0x0000000713900000, 0x0000000713a00000|  0%| F|  |TAMS 0x0000000713900000, 0x0000000713900000| Untracked 
| 154|0x0000000713a00000, 0x0000000713a00000, 0x0000000713b00000|  0%| F|  |TAMS 0x0000000713a00000, 0x0000000713a00000| Untracked 
| 155|0x0000000713b00000, 0x0000000713b00000, 0x0000000713c00000|  0%| F|  |TAMS 0x0000000713b00000, 0x0000000713b00000| Untracked 
| 156|0x0000000713c00000, 0x0000000713c00000, 0x0000000713d00000|  0%| F|  |TAMS 0x0000000713c00000, 0x0000000713c00000| Untracked 
| 157|0x0000000713d00000, 0x0000000713d00000, 0x0000000713e00000|  0%| F|  |TAMS 0x0000000713d00000, 0x0000000713d00000| Untracked 
| 158|0x0000000713e00000, 0x0000000713e00000, 0x0000000713f00000|  0%| F|  |TAMS 0x0000000713e00000, 0x0000000713e00000| Untracked 
| 159|0x0000000713f00000, 0x0000000713f00000, 0x0000000714000000|  0%| F|  |TAMS 0x0000000713f00000, 0x0000000713f00000| Untracked 
| 160|0x0000000714000000, 0x0000000714000000, 0x0000000714100000|  0%| F|  |TAMS 0x0000000714000000, 0x0000000714000000| Untracked 
| 161|0x0000000714100000, 0x0000000714100000, 0x0000000714200000|  0%| F|  |TAMS 0x0000000714100000, 0x0000000714100000| Untracked 
| 162|0x0000000714200000, 0x0000000714200000, 0x0000000714300000|  0%| F|  |TAMS 0x0000000714200000, 0x0000000714200000| Untracked 
| 163|0x0000000714300000, 0x0000000714300000, 0x0000000714400000|  0%| F|  |TAMS 0x0000000714300000, 0x0000000714300000| Untracked 
| 164|0x0000000714400000, 0x0000000714400000, 0x0000000714500000|  0%| F|  |TAMS 0x0000000714400000, 0x0000000714400000| Untracked 
| 165|0x0000000714500000, 0x0000000714500000, 0x0000000714600000|  0%| F|  |TAMS 0x0000000714500000, 0x0000000714500000| Untracked 
| 166|0x0000000714600000, 0x0000000714600000, 0x0000000714700000|  0%| F|  |TAMS 0x0000000714600000, 0x0000000714600000| Untracked 
| 167|0x0000000714700000, 0x0000000714700000, 0x0000000714800000|  0%| F|  |TAMS 0x0000000714700000, 0x0000000714700000| Untracked 
| 168|0x0000000714800000, 0x0000000714800000, 0x0000000714900000|  0%| F|  |TAMS 0x0000000714800000, 0x0000000714800000| Untracked 
| 169|0x0000000714900000, 0x0000000714900000, 0x0000000714a00000|  0%| F|  |TAMS 0x0000000714900000, 0x0000000714900000| Untracked 
| 170|0x0000000714a00000, 0x0000000714a00000, 0x0000000714b00000|  0%| F|  |TAMS 0x0000000714a00000, 0x0000000714a00000| Untracked 
| 171|0x0000000714b00000, 0x0000000714b00000, 0x0000000714c00000|  0%| F|  |TAMS 0x0000000714b00000, 0x0000000714b00000| Untracked 
| 172|0x0000000714c00000, 0x0000000714c00000, 0x0000000714d00000|  0%| F|  |TAMS 0x0000000714c00000, 0x0000000714c00000| Untracked 
| 173|0x0000000714d00000, 0x0000000714d00000, 0x0000000714e00000|  0%| F|  |TAMS 0x0000000714d00000, 0x0000000714d00000| Untracked 
| 174|0x0000000714e00000, 0x0000000714e00000, 0x0000000714f00000|  0%| F|  |TAMS 0x0000000714e00000, 0x0000000714e00000| Untracked 
| 175|0x0000000714f00000, 0x0000000714f00000, 0x0000000715000000|  0%| F|  |TAMS 0x0000000714f00000, 0x0000000714f00000| Untracked 
| 176|0x0000000715000000, 0x0000000715000000, 0x0000000715100000|  0%| F|  |TAMS 0x0000000715000000, 0x0000000715000000| Untracked 
| 177|0x0000000715100000, 0x0000000715100000, 0x0000000715200000|  0%| F|  |TAMS 0x0000000715100000, 0x0000000715100000| Untracked 
| 178|0x0000000715200000, 0x0000000715200000, 0x0000000715300000|  0%| F|  |TAMS 0x0000000715200000, 0x0000000715200000| Untracked 
| 179|0x0000000715300000, 0x0000000715300000, 0x0000000715400000|  0%| F|  |TAMS 0x0000000715300000, 0x0000000715300000| Untracked 
| 180|0x0000000715400000, 0x0000000715400000, 0x0000000715500000|  0%| F|  |TAMS 0x0000000715400000, 0x0000000715400000| Untracked 
| 181|0x0000000715500000, 0x0000000715500000, 0x0000000715600000|  0%| F|  |TAMS 0x0000000715500000, 0x0000000715500000| Untracked 
| 182|0x0000000715600000, 0x0000000715600000, 0x0000000715700000|  0%| F|  |TAMS 0x0000000715600000, 0x0000000715600000| Untracked 
| 183|0x0000000715700000, 0x0000000715700000, 0x0000000715800000|  0%| F|  |TAMS 0x0000000715700000, 0x0000000715700000| Untracked 
| 184|0x0000000715800000, 0x0000000715800000, 0x0000000715900000|  0%| F|  |TAMS 0x0000000715800000, 0x0000000715800000| Untracked 
| 185|0x0000000715900000, 0x0000000715900000, 0x0000000715a00000|  0%| F|  |TAMS 0x0000000715900000, 0x0000000715900000| Untracked 
| 186|0x0000000715a00000, 0x0000000715a00000, 0x0000000715b00000|  0%| F|  |TAMS 0x0000000715a00000, 0x0000000715a00000| Untracked 
| 187|0x0000000715b00000, 0x0000000715b00000, 0x0000000715c00000|  0%| F|  |TAMS 0x0000000715b00000, 0x0000000715b00000| Untracked 
| 188|0x0000000715c00000, 0x0000000715c00000, 0x0000000715d00000|  0%| F|  |TAMS 0x0000000715c00000, 0x0000000715c00000| Untracked 
| 189|0x0000000715d00000, 0x0000000715d00000, 0x0000000715e00000|  0%| F|  |TAMS 0x0000000715d00000, 0x0000000715d00000| Untracked 
| 190|0x0000000715e00000, 0x0000000715e00000, 0x0000000715f00000|  0%| F|  |TAMS 0x0000000715e00000, 0x0000000715e00000| Untracked 
| 191|0x0000000715f00000, 0x0000000715f00000, 0x0000000716000000|  0%| F|  |TAMS 0x0000000715f00000, 0x0000000715f00000| Untracked 
| 192|0x0000000716000000, 0x0000000716000000, 0x0000000716100000|  0%| F|  |TAMS 0x0000000716000000, 0x0000000716000000| Untracked 
| 193|0x0000000716100000, 0x0000000716100000, 0x0000000716200000|  0%| F|  |TAMS 0x0000000716100000, 0x0000000716100000| Untracked 
| 194|0x0000000716200000, 0x0000000716200000, 0x0000000716300000|  0%| F|  |TAMS 0x0000000716200000, 0x0000000716200000| Untracked 
| 195|0x0000000716300000, 0x0000000716300000, 0x0000000716400000|  0%| F|  |TAMS 0x0000000716300000, 0x0000000716300000| Untracked 
| 196|0x0000000716400000, 0x0000000716400000, 0x0000000716500000|  0%| F|  |TAMS 0x0000000716400000, 0x0000000716400000| Untracked 
| 197|0x0000000716500000, 0x0000000716500000, 0x0000000716600000|  0%| F|  |TAMS 0x0000000716500000, 0x0000000716500000| Untracked 
| 198|0x0000000716600000, 0x0000000716600000, 0x0000000716700000|  0%| F|  |TAMS 0x0000000716600000, 0x0000000716600000| Untracked 
| 199|0x0000000716700000, 0x0000000716700000, 0x0000000716800000|  0%| F|  |TAMS 0x0000000716700000, 0x0000000716700000| Untracked 
| 200|0x0000000716800000, 0x0000000716800000, 0x0000000716900000|  0%| F|  |TAMS 0x0000000716800000, 0x0000000716800000| Untracked 
| 201|0x0000000716900000, 0x0000000716900000, 0x0000000716a00000|  0%| F|  |TAMS 0x0000000716900000, 0x0000000716900000| Untracked 
| 202|0x0000000716a00000, 0x0000000716a00000, 0x0000000716b00000|  0%| F|  |TAMS 0x0000000716a00000, 0x0000000716a00000| Untracked 
| 203|0x0000000716b00000, 0x0000000716b00000, 0x0000000716c00000|  0%| F|  |TAMS 0x0000000716b00000, 0x0000000716b00000| Untracked 
| 204|0x0000000716c00000, 0x0000000716c00000, 0x0000000716d00000|  0%| F|  |TAMS 0x0000000716c00000, 0x0000000716c00000| Untracked 
| 205|0x0000000716d00000, 0x0000000716d00000, 0x0000000716e00000|  0%| F|  |TAMS 0x0000000716d00000, 0x0000000716d00000| Untracked 
| 206|0x0000000716e00000, 0x0000000716e00000, 0x0000000716f00000|  0%| F|  |TAMS 0x0000000716e00000, 0x0000000716e00000| Untracked 
| 207|0x0000000716f00000, 0x0000000716f00000, 0x0000000717000000|  0%| F|  |TAMS 0x0000000716f00000, 0x0000000716f00000| Untracked 
| 208|0x0000000717000000, 0x0000000717000000, 0x0000000717100000|  0%| F|  |TAMS 0x0000000717000000, 0x0000000717000000| Untracked 
| 209|0x0000000717100000, 0x0000000717100000, 0x0000000717200000|  0%| F|  |TAMS 0x0000000717100000, 0x0000000717100000| Untracked 
| 210|0x0000000717200000, 0x0000000717200800, 0x0000000717300000|  0%| E|  |TAMS 0x0000000717200000, 0x0000000717200000| Complete 
| 211|0x0000000717300000, 0x0000000717400000, 0x0000000717400000|100%| E|CS|TAMS 0x0000000717300000, 0x0000000717300000| Complete 
| 212|0x0000000717400000, 0x0000000717500000, 0x0000000717500000|100%| E|CS|TAMS 0x0000000717400000, 0x0000000717400000| Complete 
| 213|0x0000000717500000, 0x0000000717600000, 0x0000000717600000|100%| E|CS|TAMS 0x0000000717500000, 0x0000000717500000| Complete 
| 214|0x0000000717600000, 0x0000000717700000, 0x0000000717700000|100%| E|CS|TAMS 0x0000000717600000, 0x0000000717600000| Complete 
| 215|0x0000000717700000, 0x000000071774d610, 0x0000000717800000| 30%| S|CS|TAMS 0x0000000717700000, 0x0000000717700000| Complete 
| 216|0x0000000717800000, 0x0000000717900000, 0x0000000717900000|100%| E|CS|TAMS 0x0000000717800000, 0x0000000717800000| Complete 
| 217|0x0000000717900000, 0x0000000717a00000, 0x0000000717a00000|100%| E|CS|TAMS 0x0000000717900000, 0x0000000717900000| Complete 
| 218|0x0000000717a00000, 0x0000000717b00000, 0x0000000717b00000|100%| E|CS|TAMS 0x0000000717a00000, 0x0000000717a00000| Complete 
| 219|0x0000000717b00000, 0x0000000717c00000, 0x0000000717c00000|100%| E|CS|TAMS 0x0000000717b00000, 0x0000000717b00000| Complete 
| 220|0x0000000717c00000, 0x0000000717d00000, 0x0000000717d00000|100%| E|CS|TAMS 0x0000000717c00000, 0x0000000717c00000| Complete 
| 221|0x0000000717d00000, 0x0000000717e00000, 0x0000000717e00000|100%| E|CS|TAMS 0x0000000717d00000, 0x0000000717d00000| Complete 
| 222|0x0000000717e00000, 0x0000000717f00000, 0x0000000717f00000|100%| E|CS|TAMS 0x0000000717e00000, 0x0000000717e00000| Complete 
| 223|0x0000000717f00000, 0x0000000718000000, 0x0000000718000000|100%| E|CS|TAMS 0x0000000717f00000, 0x0000000717f00000| Complete 
| 224|0x0000000718000000, 0x0000000718100000, 0x0000000718100000|100%| E|CS|TAMS 0x0000000718000000, 0x0000000718000000| Complete 
| 225|0x0000000718100000, 0x0000000718200000, 0x0000000718200000|100%| E|CS|TAMS 0x0000000718100000, 0x0000000718100000| Complete 
| 226|0x0000000718200000, 0x0000000718300000, 0x0000000718300000|100%| E|CS|TAMS 0x0000000718200000, 0x0000000718200000| Complete 
| 227|0x0000000718300000, 0x0000000718400000, 0x0000000718400000|100%| E|CS|TAMS 0x0000000718300000, 0x0000000718300000| Complete 
| 228|0x0000000718400000, 0x0000000718500000, 0x0000000718500000|100%| E|CS|TAMS 0x0000000718400000, 0x0000000718400000| Complete 
| 229|0x0000000718500000, 0x0000000718600000, 0x0000000718600000|100%| E|CS|TAMS 0x0000000718500000, 0x0000000718500000| Complete 
| 230|0x0000000718600000, 0x0000000718700000, 0x0000000718700000|100%| E|CS|TAMS 0x0000000718600000, 0x0000000718600000| Complete 
| 231|0x0000000718700000, 0x0000000718800000, 0x0000000718800000|100%| E|CS|TAMS 0x0000000718700000, 0x0000000718700000| Complete 
| 232|0x0000000718800000, 0x0000000718900000, 0x0000000718900000|100%| E|CS|TAMS 0x0000000718800000, 0x0000000718800000| Complete 
| 233|0x0000000718900000, 0x0000000718a00000, 0x0000000718a00000|100%| E|CS|TAMS 0x0000000718900000, 0x0000000718900000| Complete 
| 234|0x0000000718a00000, 0x0000000718b00000, 0x0000000718b00000|100%| E|CS|TAMS 0x0000000718a00000, 0x0000000718a00000| Complete 
| 235|0x0000000718b00000, 0x0000000718c00000, 0x0000000718c00000|100%| E|CS|TAMS 0x0000000718b00000, 0x0000000718b00000| Complete 
| 236|0x0000000718c00000, 0x0000000718d00000, 0x0000000718d00000|100%| E|CS|TAMS 0x0000000718c00000, 0x0000000718c00000| Complete 
| 237|0x0000000718d00000, 0x0000000718e00000, 0x0000000718e00000|100%| E|CS|TAMS 0x0000000718d00000, 0x0000000718d00000| Complete 
| 238|0x0000000718e00000, 0x0000000718f00000, 0x0000000718f00000|100%| E|CS|TAMS 0x0000000718e00000, 0x0000000718e00000| Complete 
| 239|0x0000000718f00000, 0x0000000719000000, 0x0000000719000000|100%| E|CS|TAMS 0x0000000718f00000, 0x0000000718f00000| Complete 
| 240|0x0000000719000000, 0x0000000719100000, 0x0000000719100000|100%| E|CS|TAMS 0x0000000719000000, 0x0000000719000000| Complete 
| 241|0x0000000719100000, 0x0000000719200000, 0x0000000719200000|100%| E|CS|TAMS 0x0000000719100000, 0x0000000719100000| Complete 
| 242|0x0000000719200000, 0x0000000719300000, 0x0000000719300000|100%| E|CS|TAMS 0x0000000719200000, 0x0000000719200000| Complete 
| 243|0x0000000719300000, 0x0000000719400000, 0x0000000719400000|100%| E|CS|TAMS 0x0000000719300000, 0x0000000719300000| Complete 
| 244|0x0000000719400000, 0x0000000719500000, 0x0000000719500000|100%| E|CS|TAMS 0x0000000719400000, 0x0000000719400000| Complete 
| 245|0x0000000719500000, 0x0000000719600000, 0x0000000719600000|100%| E|CS|TAMS 0x0000000719500000, 0x0000000719500000| Complete 

Card table byte_map: [0x00000180bce60000,0x00000180bd610000] _byte_map_base: 0x00000180b9610000

Marking Bits (Prev, Next): (CMBitMap*) 0x00000180a2b0b9b8, (CMBitMap*) 0x00000180a2b0b9f8
 Prev Bits: [0x00000180bddc0000, 0x00000180c1b40000)
 Next Bits: [0x00000180c1b40000, 0x00000180c58c0000)

Polling page: 0x00000180a2860000

Metaspace:

Usage:
  Non-class:     10.14 MB capacity,    10.01 MB ( 99%) used,   112.24 KB (  1%) free+waste,    25.50 KB ( <1%) overhead. 
      Class:      1.26 MB capacity,     1.15 MB ( 91%) used,    94.52 KB (  7%) free+waste,    15.25 KB (  1%) overhead. 
       Both:     11.40 MB capacity,    11.16 MB ( 98%) used,   206.77 KB (  2%) free+waste,    40.75 KB ( <1%) overhead. 

Virtual space:
  Non-class space:       12.00 MB reserved,      10.25 MB ( 85%) committed 
      Class space:        1.00 GB reserved,       1.38 MB ( <1%) committed 
             Both:        1.01 GB reserved,      11.63 MB (  1%) committed 

Chunk freelists:
   Non-Class:  46.00 KB
       Class:  25.00 KB
        Both:  71.00 KB

MaxMetaspaceSize: 17179869184.00 GB
CompressedClassSpaceSize: 1.00 GB

CodeHeap 'non-profiled nmethods': size=120000Kb used=825Kb max_used=825Kb free=119174Kb
 bounds [0x00000180b44e0000, 0x00000180b4750000, 0x00000180bba10000]
CodeHeap 'profiled nmethods': size=120000Kb used=3165Kb max_used=3165Kb free=116835Kb
 bounds [0x00000180acfb0000, 0x00000180ad2d0000, 0x00000180b44e0000]
CodeHeap 'non-nmethods': size=5760Kb used=1358Kb max_used=1372Kb free=4401Kb
 bounds [0x00000180aca10000, 0x00000180acc80000, 0x00000180acfb0000]
 total_blobs=2953 nmethods=1576 adapters=584
 compilation: enabled
              stopped_count=0, restarted_count=0
 full_count=0

Compilation events (20 events):
Event: 9.783 Thread 0x00000180c8f16000 nmethod 1568 0x00000180ad2c2a10 code [0x00000180ad2c2c60, 0x00000180ad2c3a98]
Event: 9.783 Thread 0x00000180c8f16000 1569       3       java.awt.EventDispatchThread$HierarchyEventFilter::acceptEvent (225 bytes)
Event: 9.783 Thread 0x00000180c8f11800 1571       4       org.bytedeco.javacv.Java2DFrameConverter::flipCopyWithGamma (608 bytes)
Event: 9.784 Thread 0x00000180c8f16000 nmethod 1569 0x00000180ad2c3f90 code [0x00000180ad2c4200, 0x00000180ad2c54e8]
Event: 9.784 Thread 0x00000180c8f16000 1570       3       sun.awt.dnd.SunDragSourceContextPeer::checkEvent (29 bytes)
Event: 9.784 Thread 0x00000180c8f16000 nmethod 1570 0x00000180ad2c5790 code [0x00000180ad2c5940, 0x00000180ad2c5e18]
Event: 9.790 Thread 0x00000180c8f16000 1573       3       java.lang.Math::ceil (5 bytes)
Event: 9.790 Thread 0x00000180c8f16000 nmethod 1573 0x00000180ad2c5e90 code [0x00000180ad2c6060, 0x00000180ad2c61e8]
Event: 9.790 Thread 0x00000180c8f16000 1574       3       java.lang.StrictMath::ceil (10 bytes)
Event: 9.790 Thread 0x00000180c8f16000 nmethod 1574 0x00000180ad2c6290 code [0x00000180ad2c6460, 0x00000180ad2c6588]
Event: 9.794 Thread 0x00000180c8f11800 nmethod 1571 0x00000180b45aca10 code [0x00000180b45acca0, 0x00000180b45ad818]
Event: 9.794 Thread 0x00000180c8f11800 1572       4       java.nio.Buffer::remaining (10 bytes)
Event: 9.795 Thread 0x00000180c8f11800 nmethod 1572 0x00000180b45ade90 code [0x00000180b45ae000, 0x00000180b45ae078]
Event: 9.852 Thread 0x00000180c8f16000 1575       3       java.util.IdentityHashMap::get (60 bytes)
Event: 9.853 Thread 0x00000180c8f16000 nmethod 1575 0x00000180ad2c6610 code [0x00000180ad2c67e0, 0x00000180ad2c6c68]
Event: 9.858 Thread 0x00000180c8f16000 1576       3       java.util.concurrent.locks.ReentrantLock$NonfairSync::tryAcquire (27 bytes)
Event: 9.858 Thread 0x00000180c8f16000 nmethod 1576 0x00000180ad2c6e90 code [0x00000180ad2c7040, 0x00000180ad2c7318]
Event: 10.371 Thread 0x00000180c8f16000 1577       1       sun.java2d.SurfaceData::isValid (5 bytes)
Event: 10.371 Thread 0x00000180c8f16000 nmethod 1577 0x00000180b45ae190 code [0x00000180b45ae320, 0x00000180b45ae3f8]
Event: 11.107 Thread 0x00000180c8f16000 1578       3       java.util.IdentityHashMap$IdentityHashMapIterator::nextIndex (72 bytes)

GC Heap History (4 events):
Event: 4.097 GC heap before
{Heap before GC invocations=0 (full 0):
 garbage-first heap   total 251904K, used 22528K [0x000000070a000000, 0x0000000800000000)
  region size 1024K, 23 young (23552K), 0 survivors (0K)
 Metaspace       used 3977K, capacity 6294K, committed 6528K, reserved 1056768K
  class space    used 330K, capacity 564K, committed 640K, reserved 1048576K
}
Event: 4.100 GC heap after
{Heap after GC invocations=1 (full 0):
 garbage-first heap   total 251904K, used 6308K [0x000000070a000000, 0x0000000800000000)
  region size 1024K, 3 young (3072K), 3 survivors (3072K)
 Metaspace       used 3977K, capacity 6294K, committed 6528K, reserved 1056768K
  class space    used 330K, capacity 564K, committed 640K, reserved 1048576K
}
Event: 4.687 GC heap before
{Heap before GC invocations=1 (full 0):
 garbage-first heap   total 251904K, used 33956K [0x000000070a000000, 0x0000000800000000)
  region size 1024K, 30 young (30720K), 3 survivors (3072K)
 Metaspace       used 5265K, capacity 7324K, committed 7424K, reserved 1056768K
  class space    used 474K, capacity 693K, committed 768K, reserved 1048576K
}
Event: 4.689 GC heap after
{Heap after GC invocations=2 (full 0):
 garbage-first heap   total 251904K, used 6782K [0x000000070a000000, 0x0000000800000000)
  region size 1024K, 1 young (1024K), 1 survivors (1024K)
 Metaspace       used 5265K, capacity 7324K, committed 7424K, reserved 1056768K
  class space    used 474K, capacity 693K, committed 768K, reserved 1048576K
}

Deoptimization events (20 events):
Event: 8.731 Thread 0x00000180a2aa3800 DEOPT PACKING pc=0x00000180ad27ec40 sp=0x0000006fdd4fef60
Event: 8.731 Thread 0x00000180a2aa3800 DEOPT UNPACKING pc=0x00000180aca5964e sp=0x0000006fdd4fe4e8 mode 0
Event: 8.731 Thread 0x00000180a2aa3800 DEOPT PACKING pc=0x00000180ad27ec40 sp=0x0000006fdd4fef60
Event: 8.731 Thread 0x00000180a2aa3800 DEOPT UNPACKING pc=0x00000180aca5964e sp=0x0000006fdd4fe4e8 mode 0
Event: 8.731 Thread 0x00000180a2aa3800 DEOPT PACKING pc=0x00000180ad27ec40 sp=0x0000006fdd4fef60
Event: 8.731 Thread 0x00000180a2aa3800 DEOPT UNPACKING pc=0x00000180aca5964e sp=0x0000006fdd4fe4e8 mode 0
Event: 8.731 Thread 0x00000180a2aa3800 DEOPT PACKING pc=0x00000180ad27ec40 sp=0x0000006fdd4fef60
Event: 8.732 Thread 0x00000180a2aa3800 DEOPT UNPACKING pc=0x00000180aca5964e sp=0x0000006fdd4fe4e8 mode 0
Event: 8.732 Thread 0x00000180a2aa3800 DEOPT PACKING pc=0x00000180ad27ec40 sp=0x0000006fdd4fef60
Event: 8.732 Thread 0x00000180a2aa3800 DEOPT UNPACKING pc=0x00000180aca5964e sp=0x0000006fdd4fe4e8 mode 0
Event: 8.732 Thread 0x00000180a2aa3800 DEOPT PACKING pc=0x00000180ad27ec40 sp=0x0000006fdd4fef60
Event: 8.732 Thread 0x00000180a2aa3800 DEOPT UNPACKING pc=0x00000180aca5964e sp=0x0000006fdd4fe4e8 mode 0
Event: 8.732 Thread 0x00000180a2aa3800 DEOPT PACKING pc=0x00000180ad27ec40 sp=0x0000006fdd4fef60
Event: 8.732 Thread 0x00000180a2aa3800 DEOPT UNPACKING pc=0x00000180aca5964e sp=0x0000006fdd4fe4e8 mode 0
Event: 8.732 Thread 0x00000180a2aa3800 DEOPT PACKING pc=0x00000180ad27ec40 sp=0x0000006fdd4fef60
Event: 8.732 Thread 0x00000180a2aa3800 DEOPT UNPACKING pc=0x00000180aca5964e sp=0x0000006fdd4fe4e8 mode 0
Event: 8.733 Thread 0x00000180a2aa3800 DEOPT PACKING pc=0x00000180ad27ec40 sp=0x0000006fdd4fef60
Event: 8.733 Thread 0x00000180a2aa3800 DEOPT UNPACKING pc=0x00000180aca5964e sp=0x0000006fdd4fe4e8 mode 0
Event: 9.783 Thread 0x00000180a2aa3800 DEOPT PACKING pc=0x00000180ad281917 sp=0x0000006fdd4fefe0
Event: 9.783 Thread 0x00000180a2aa3800 DEOPT UNPACKING pc=0x00000180aca5964e sp=0x0000006fdd4fe4c8 mode 0

Classes unloaded (0 events):
No events

Classes redefined (0 events):
No events

Internal exceptions (20 events):
Event: 0.513 Thread 0x00000180a2aa3800 Exception <a 'java/lang/IncompatibleClassChangeError'{0x0000000718cbbe98}: Found class java.lang.Object, but interface was expected> (0x0000000718cbbe98) 
thrown [./open/src/hotspot/share/interpreter/linkResolver.cpp, line 832]
Event: 0.513 Thread 0x00000180a2aa3800 Exception <a 'java/lang/NoSuchMethodError'{0x0000000718cbea28}: 'void java.lang.invoke.DirectMethodHandle$Holder.invokeStaticInit(java.lang.Object, java.lang.Object)'> (0x0000000718cbea28) 
thrown [./open/src/hotspot/share/interpreter/linkResolver.cpp, line 766]
Event: 0.514 Thread 0x00000180a2aa3800 Exception <a 'java/lang/NoSuchMethodError'{0x0000000718cc3a68}: 'int java.lang.invoke.DirectMethodHandle$Holder.invokeStaticInit(java.lang.Object, java.lang.Object)'> (0x0000000718cc3a68) 
thrown [./open/src/hotspot/share/interpreter/linkResolver.cpp, line 766]
Event: 8.267 Thread 0x00000180a2aa3800 Exception <a 'java/lang/ClassNotFoundException'{0x000000071787eeb0}: sun/awt/resources/spi/awtProvider> (0x000000071787eeb0) 
thrown [./open/src/hotspot/share/classfile/systemDictionary.cpp, line 226]
Event: 8.314 Thread 0x00000180a2aa3800 Exception <a 'java/io/FileNotFoundException'{0x00000007178c4618}> (0x00000007178c4618) 
thrown [./open/src/hotspot/share/prims/jni.cpp, line 599]
Event: 8.318 Thread 0x00000180a2aa3800 Exception <a 'java/io/FileNotFoundException'{0x00000007178eab58}> (0x00000007178eab58) 
thrown [./open/src/hotspot/share/prims/jni.cpp, line 599]
Event: 8.374 Thread 0x00000180c8fc4800 Exception <a 'java/lang/NoSuchMethodError'{0x0000000717685908}: 'void java.lang.invoke.DirectMethodHandle$Holder.invokeSpecial(java.lang.Object, java.lang.Object)'> (0x0000000717685908) 
thrown [./open/src/hotspot/share/interpreter/linkResolver.cpp, line 766]
Event: 8.472 Thread 0x00000180a2aa3800 Exception <a 'java/lang/NoSuchMethodError'{0x0000000717530ca8}: 'java.lang.Object java.lang.invoke.DirectMethodHandle$Holder.invokeStatic(java.lang.Object, int, java.lang.Object, java.lang.Object, java.lang.Object, java.lang.Object)'> (0x0000000717530ca8) 
thrown [./open/src/hotspot/share/interpreter/linkResolver.cpp, line 766]
Event: 8.473 Thread 0x00000180a2aa3800 Exception <a 'java/lang/NoSuchMethodError'{0x00000007175375c8}: 'java.lang.Object java.lang.invoke.DirectMethodHandle$Holder.invokeStatic(java.lang.Object, int, java.lang.Object, java.lang.Object, java.lang.Object)'> (0x00000007175375c8) 
thrown [./open/src/hotspot/share/interpreter/linkResolver.cpp, line 766]
Event: 8.473 Thread 0x00000180a2aa3800 Exception <a 'java/lang/NoSuchMethodError'{0x000000071753ae18}: 'java.lang.Object java.lang.invoke.DirectMethodHandle$Holder.invokeSpecial(java.lang.Object, java.lang.Object, int, java.lang.Object, java.lang.Object, java.lang.Object)'> (0x000000071753ae18) 
thrown [./open/src/hotspot/share/interpreter/linkResolver.cpp, line 766]
Event: 8.475 Thread 0x00000180a2aa3800 Exception <a 'java/lang/NoSuchMethodError'{0x0000000717551190}: 'java.lang.Object java.lang.invoke.DirectMethodHandle$Holder.invokeStatic(java.lang.Object, int, java.lang.Object)'> (0x0000000717551190) 
thrown [./open/src/hotspot/share/interpreter/linkResolver.cpp, line 766]
Event: 8.488 Thread 0x00000180a2aa3800 Exception <a 'java/lang/ClassNotFoundException'{0x00000007175f7e58}: com/sun/swing/internal/plaf/metal/resources/spi/metalProvider> (0x00000007175f7e58) 
thrown [./open/src/hotspot/share/classfile/systemDictionary.cpp, line 226]
Event: 8.489 Thread 0x00000180a2aa3800 Exception <a 'java/lang/ClassNotFoundException'{0x00000007175fdda0}: com/sun/swing/internal/plaf/basic/resources/spi/basicProvider> (0x00000007175fdda0) 
thrown [./open/src/hotspot/share/classfile/systemDictionary.cpp, line 226]
Event: 8.495 Thread 0x00000180a2aa3800 Implicit null exception at 0x00000180b45579e5 to 0x00000180b4557eb4
Event: 8.495 Thread 0x00000180a2aa3800 Implicit null exception at 0x00000180b452bde8 to 0x00000180b452be7a
Event: 8.499 Thread 0x00000180a2aa3800 Implicit null exception at 0x00000180b450a52f to 0x00000180b450a5ad
Event: 8.535 Thread 0x00000180ca4ff000 Exception <a 'java/lang/NoSuchMethodError'{0x00000007174a8518}: 'void java.lang.invoke.DirectMethodHandle$Holder.invokeStaticInit(java.lang.Object)'> (0x00000007174a8518) 
thrown [./open/src/hotspot/share/interpreter/linkResolver.cpp, line 766]
Event: 8.607 Thread 0x00000180ca4ff000 Exception <a 'java/io/FileNotFoundException'{0x00000007174b4d28}> (0x00000007174b4d28) 
thrown [./open/src/hotspot/share/prims/jni.cpp, line 599]
Event: 8.607 Thread 0x00000180ca4ff000 Exception <a 'java/lang/NullPointerException'{0x00000007174b5588}> (0x00000007174b5588) 
thrown [./open/src/hotspot/share/interpreter/linkResolver.cpp, line 1348]
Event: 8.625 Thread 0x00000180ca4ff000 Exception <a 'java/lang/NoSuchMethodError'{0x00000007174ffd30}: 'java.lang.Object java.lang.invoke.Invokers$Holder.linkToTargetMethod(java.lang.Object, int, java.lang.Object)'> (0x00000007174ffd30) 
thrown [./open/src/hotspot/share/interpreter/linkResolver.cpp, line 766]

Events (20 events):
Event: 9.412 loading class java/awt/Event
Event: 9.413 loading class java/awt/Event done
Event: 9.413 loading class java/awt/event/MouseWheelEvent
Event: 9.413 loading class java/awt/event/MouseWheelEvent done
Event: 9.645 Loaded shared library C:\Program Files\Java\jdk-14.0.1\bin\java.dll
Event: 11.005 Executing VM operation: HandshakeOneThread
Event: 11.005 Executing VM operation: HandshakeOneThread done
Event: 11.005 Thread 0x00000180cae9f800 Thread added: 0x00000180cae9f800
Event: 11.005 Thread 0x00000180cac17800 Thread added: 0x00000180cac17800
Event: 11.006 Thread 0x00000180cac17800 Thread exited: 0x00000180cac17800
Event: 11.006 Executing VM operation: HandshakeOneThread
Event: 11.006 Executing VM operation: HandshakeOneThread done
Event: 11.017 Executing VM operation: HandshakeOneThread
Event: 11.017 Executing VM operation: HandshakeOneThread done
Event: 11.017 Thread 0x00000180cac20800 Thread exited: 0x00000180cac20800
Event: 11.028 Executing VM operation: HandshakeOneThread
Event: 11.028 Executing VM operation: HandshakeOneThread done
Event: 11.028 Thread 0x00000180c8fc4800 Thread exited: 0x00000180c8fc4800
Event: 11.107 Thread 0x00000180cae9f800 Thread exited: 0x00000180cae9f800
Event: 11.107 Executing VM operation: Exit


Dynamic libraries:
0x00007ff780340000 - 0x00007ff78034f000 	C:\Program Files\Java\jdk-14.0.1\bin\java.exe
0x00007ff8d4980000 - 0x00007ff8d4b70000 	C:\Windows\SYSTEM32\ntdll.dll
0x00007ff8d3be0000 - 0x00007ff8d3c92000 	C:\Windows\System32\KERNEL32.DLL
0x00007ff8d1b70000 - 0x00007ff8d1e13000 	C:\Windows\System32\KERNELBASE.dll
0x00007ff8d1a10000 - 0x00007ff8d1b0a000 	C:\Windows\System32\ucrtbase.dll
0x00007ff8c3910000 - 0x00007ff8c3925000 	C:\Program Files\Java\jdk-14.0.1\bin\VCRUNTIME140.dll
0x00007ff8c3930000 - 0x00007ff8c3948000 	C:\Program Files\Java\jdk-14.0.1\bin\jli.dll
0x00007ff8d4770000 - 0x00007ff8d4813000 	C:\Windows\System32\ADVAPI32.dll
0x00007ff8d3940000 - 0x00007ff8d39de000 	C:\Windows\System32\msvcrt.dll
0x00007ff8d44f0000 - 0x00007ff8d4587000 	C:\Windows\System32\sechost.dll
0x00007ff8d4280000 - 0x00007ff8d43a0000 	C:\Windows\System32\RPCRT4.dll
0x00007ff8d39e0000 - 0x00007ff8d3b74000 	C:\Windows\System32\USER32.dll
0x00007ff8d1f70000 - 0x00007ff8d1f91000 	C:\Windows\System32\win32u.dll
0x00007ff8d4740000 - 0x00007ff8d4766000 	C:\Windows\System32\GDI32.dll
0x00007ff8c9c70000 - 0x00007ff8c9ef5000 	C:\Windows\WinSxS\amd64_microsoft.windows.common-controls_6595b64144ccf1df_6.0.18362.693_none_e6c1b3c11311d480\COMCTL32.dll
0x00007ff8d1fa0000 - 0x00007ff8d2134000 	C:\Windows\System32\gdi32full.dll
0x00007ff8d3600000 - 0x00007ff8d3936000 	C:\Windows\System32\combase.dll
0x00007ff8d1ed0000 - 0x00007ff8d1f6e000 	C:\Windows\System32\msvcp_win.dll
0x00007ff8d1910000 - 0x00007ff8d1990000 	C:\Windows\System32\bcryptPrimitives.dll
0x00007ff8cc0c0000 - 0x00007ff8cc0ca000 	C:\Windows\SYSTEM32\VERSION.dll
0x00007ff8d4820000 - 0x00007ff8d484e000 	C:\Windows\System32\IMM32.DLL
0x00007ff8b6e80000 - 0x00007ff8b6f1b000 	C:\Program Files\Java\jdk-14.0.1\bin\msvcp140.dll
0x00007ff8945d0000 - 0x00007ff8950ee000 	C:\Program Files\Java\jdk-14.0.1\bin\server\jvm.dll
0x00007ff8d4260000 - 0x00007ff8d4268000 	C:\Windows\System32\PSAPI.DLL
0x00007ff8cc0d0000 - 0x00007ff8cc0f4000 	C:\Windows\SYSTEM32\WINMM.dll
0x00007ff8cc090000 - 0x00007ff8cc0bd000 	C:\Windows\SYSTEM32\WINMMBASE.dll
0x00007ff8d19c0000 - 0x00007ff8d1a0a000 	C:\Windows\System32\cfgmgr32.dll
0x00007ff8cebb0000 - 0x00007ff8cebb9000 	C:\Windows\SYSTEM32\WSOCK32.dll
0x00007ff8d3ca0000 - 0x00007ff8d3d0f000 	C:\Windows\System32\WS2_32.dll
0x00007ff8d1870000 - 0x00007ff8d1881000 	C:\Windows\System32\kernel.appcore.dll
0x00007ff8c8cc0000 - 0x00007ff8c8cca000 	C:\Program Files\Java\jdk-14.0.1\bin\jimage.dll
0x00007ff8d0240000 - 0x00007ff8d0434000 	C:\Windows\SYSTEM32\DBGHELP.DLL
0x00007ff8ca080000 - 0x00007ff8ca0aa000 	C:\Windows\SYSTEM32\dbgcore.DLL
0x00007ff8c8a40000 - 0x00007ff8c8a4e000 	C:\Program Files\Java\jdk-14.0.1\bin\instrument.dll
0x00007ff8bd7e0000 - 0x00007ff8bd805000 	C:\Program Files\Java\jdk-14.0.1\bin\java.dll
0x00007ff8bba90000 - 0x00007ff8bbaa6000 	C:\Program Files\Java\jdk-14.0.1\bin\zip.dll
0x00007ff8d2aa0000 - 0x00007ff8d3186000 	C:\Windows\System32\SHELL32.dll
0x00007ff8d3190000 - 0x00007ff8d3239000 	C:\Windows\System32\shcore.dll
0x00007ff8d22b0000 - 0x00007ff8d2a30000 	C:\Windows\System32\windows.storage.dll
0x00007ff8d18e0000 - 0x00007ff8d1909000 	C:\Windows\System32\Wldp.dll
0x00007ff8d2160000 - 0x00007ff8d22a9000 	C:\Windows\System32\CRYPT32.dll
0x00007ff8d18c0000 - 0x00007ff8d18d2000 	C:\Windows\System32\MSASN1.dll
0x00007ff8d1b10000 - 0x00007ff8d1b6c000 	C:\Windows\System32\WINTRUST.dll
0x00007ff8d1890000 - 0x00007ff8d18b3000 	C:\Windows\System32\profapi.dll
0x00007ff8d1820000 - 0x00007ff8d186a000 	C:\Windows\System32\powrprof.dll
0x00007ff8d1810000 - 0x00007ff8d1820000 	C:\Windows\System32\UMPDC.dll
0x00007ff8d3d10000 - 0x00007ff8d3d62000 	C:\Windows\System32\shlwapi.dll
0x00007ff8d2140000 - 0x00007ff8d2157000 	C:\Windows\System32\cryptsp.dll
0x00007ff8bba70000 - 0x00007ff8bba89000 	C:\Program Files\Java\jdk-14.0.1\bin\net.dll
0x00007ff8c78e0000 - 0x00007ff8c79d1000 	C:\Windows\SYSTEM32\WINHTTP.dll
0x00007ff8abde0000 - 0x00007ff8abed8000 	C:\Windows\Netease\UU\uu_lsp64.dll
0x00007ff8d0dc0000 - 0x00007ff8d0dfa000 	C:\Windows\SYSTEM32\IPHLPAPI.DLL
0x00007ff8d10b0000 - 0x00007ff8d1117000 	C:\Windows\system32\mswsock.dll
0x00007ff8d4850000 - 0x00007ff8d486d000 	C:\Windows\System32\imagehlp.dll
0x00007ff8d0c20000 - 0x00007ff8d0c53000 	C:\Windows\system32\rsaenh.dll
0x00007ff8d1990000 - 0x00007ff8d19b6000 	C:\Windows\System32\bcrypt.dll
0x00007ff8d1280000 - 0x00007ff8d128c000 	C:\Windows\SYSTEM32\CRYPTBASE.dll
0x00007ff8c0180000 - 0x00007ff8c018a000 	C:\Windows\system32\wshqos.dll
0x00007ff8c0170000 - 0x00007ff8c0178000 	C:\Windows\SYSTEM32\wshtcpip.DLL
0x00007ff8c0160000 - 0x00007ff8c0168000 	C:\Windows\SYSTEM32\wship6.dll
0x00007ff8ba280000 - 0x00007ff8ba292000 	C:\Program Files\Java\jdk-14.0.1\bin\nio.dll
0x00007ff8c8820000 - 0x00007ff8c8830000 	C:\Program Files\Java\jdk-14.0.1\bin\verify.dll
0x00007ff8cb070000 - 0x00007ff8cb08a000 	D:\IntelliJ IDEA 2019.3.5\bin\breakgen64.dll
0x00007ff8c8370000 - 0x00007ff8c83c1000 	C:\Users\memory\.javacpp\cache\opencv-3.4.1-1.4.1-windows-x86_64.jar\org\bytedeco\javacpp\windows-x86_64\concrt140.dll
0x00007ff8b69d0000 - 0x00007ff8b6a6d000 	C:\Users\memory\.javacpp\cache\opencv-3.4.1-1.4.1-windows-x86_64.jar\org\bytedeco\javacpp\windows-x86_64\msvcp140.dll
0x00007ff8cb050000 - 0x00007ff8cb067000 	C:\Users\memory\.javacpp\cache\opencv-3.4.1-1.4.1-windows-x86_64.jar\org\bytedeco\javacpp\windows-x86_64\vcruntime140.dll
0x00000180cb140000 - 0x00000180cb143000 	C:\Users\memory\.javacpp\cache\opencv-3.4.1-1.4.1-windows-x86_64.jar\org\bytedeco\javacpp\windows-x86_64\api-ms-win-crt-locale-l1-1-0.dll
0x00000180cb150000 - 0x00000180cb154000 	C:\Users\memory\.javacpp\cache\opencv-3.4.1-1.4.1-windows-x86_64.jar\org\bytedeco\javacpp\windows-x86_64\api-ms-win-crt-string-l1-1-0.dll
0x00000180cb160000 - 0x00000180cb164000 	C:\Users\memory\.javacpp\cache\opencv-3.4.1-1.4.1-windows-x86_64.jar\org\bytedeco\javacpp\windows-x86_64\api-ms-win-crt-stdio-l1-1-0.dll
0x00000180cb170000 - 0x00000180cb175000 	C:\Users\memory\.javacpp\cache\opencv-3.4.1-1.4.1-windows-x86_64.jar\org\bytedeco\javacpp\windows-x86_64\api-ms-win-crt-math-l1-1-0.dll
0x00000180cb180000 - 0x00000180cb183000 	C:\Users\memory\.javacpp\cache\opencv-3.4.1-1.4.1-windows-x86_64.jar\org\bytedeco\javacpp\windows-x86_64\api-ms-win-crt-heap-l1-1-0.dll
0x00000180cb190000 - 0x00000180cb194000 	C:\Users\memory\.javacpp\cache\opencv-3.4.1-1.4.1-windows-x86_64.jar\org\bytedeco\javacpp\windows-x86_64\api-ms-win-crt-runtime-l1-1-0.dll
0x00000180cb1a0000 - 0x00000180cb1a4000 	C:\Users\memory\.javacpp\cache\opencv-3.4.1-1.4.1-windows-x86_64.jar\org\bytedeco\javacpp\windows-x86_64\api-ms-win-crt-convert-l1-1-0.dll
0x00000180cb1d0000 - 0x00000180cb1d3000 	C:\Users\memory\.javacpp\cache\opencv-3.4.1-1.4.1-windows-x86_64.jar\org\bytedeco\javacpp\windows-x86_64\api-ms-win-crt-environment-l1-1-0.dll
0x00000180cb1b0000 - 0x00000180cb1b3000 	C:\Users\memory\.javacpp\cache\opencv-3.4.1-1.4.1-windows-x86_64.jar\org\bytedeco\javacpp\windows-x86_64\api-ms-win-crt-time-l1-1-0.dll
0x00000180cb1c0000 - 0x00000180cb1c3000 	C:\Users\memory\.javacpp\cache\opencv-3.4.1-1.4.1-windows-x86_64.jar\org\bytedeco\javacpp\windows-x86_64\api-ms-win-crt-filesystem-l1-1-0.dll
0x00000180cb1e0000 - 0x00000180cb1e3000 	C:\Users\memory\.javacpp\cache\opencv-3.4.1-1.4.1-windows-x86_64.jar\org\bytedeco\javacpp\windows-x86_64\api-ms-win-crt-utility-l1-1-0.dll
0x00000180cb1f0000 - 0x00000180cb1f5000 	C:\Users\memory\.javacpp\cache\opencv-3.4.1-1.4.1-windows-x86_64.jar\org\bytedeco\javacpp\windows-x86_64\api-ms-win-crt-multibyte-l1-1-0.dll
0x00007ff8aa180000 - 0x00007ff8aa484000 	C:\Users\memory\.javacpp\cache\opencv-3.4.1-1.4.1-windows-x86_64.jar\org\bytedeco\javacpp\windows-x86_64\opencv_core341.dll
0x00007ff8a21a0000 - 0x00007ff8a25a5000 	C:\Users\memory\.javacpp\cache\opencv-3.4.1-1.4.1-windows-x86_64.jar\org\bytedeco\javacpp\windows-x86_64\opencv_imgproc341.dll
0x00007ff899890000 - 0x00007ff899c1e000 	C:\Users\memory\.javacpp\cache\opencv-3.4.1-1.4.1-windows-x86_64.jar\org\bytedeco\javacpp\windows-x86_64\jniopencv_core.dll
0x00007ff8b6870000 - 0x00007ff8b69c6000 	C:\Users\memory\.javacpp\cache\opencv-3.4.1-1.4.1-windows-x86_64.jar\org\bytedeco\javacpp\windows-x86_64\jniopencv_imgproc.dll
0x00007ff89e290000 - 0x00007ff89e55f000 	C:\Users\memory\.javacpp\cache\opencv-3.4.1-1.4.1-windows-x86_64.jar\org\bytedeco\javacpp\windows-x86_64\opencv_imgcodecs341.dll
0x00007ff8b6830000 - 0x00007ff8b6864000 	C:\Users\memory\.javacpp\cache\opencv-3.4.1-1.4.1-windows-x86_64.jar\org\bytedeco\javacpp\windows-x86_64\jniopencv_imgcodecs.dll
0x00007ff8b67d0000 - 0x00007ff8b6821000 	C:\Users\memory\.javacpp\cache\opencv-3.4.1-1.4.1-windows-x86_64.jar\org\bytedeco\javacpp\windows-x86_64\opencv_videoio341.dll
0x00007ff8d32a0000 - 0x00007ff8d33f7000 	C:\Windows\System32\ole32.dll
0x00007ff8d4420000 - 0x00007ff8d44e4000 	C:\Windows\System32\OLEAUT32.dll
0x00007ff8b7b80000 - 0x00007ff8b7ba9000 	C:\Windows\SYSTEM32\MSVFW32.dll
0x00007ff8b9460000 - 0x00007ff8b9478000 	C:\Windows\SYSTEM32\AVICAP32.dll
0x00007ff8b88b0000 - 0x00007ff8b88d0000 	C:\Windows\SYSTEM32\AVIFIL32.dll
0x00007ff8c8d00000 - 0x00007ff8c8d1c000 	C:\Windows\SYSTEM32\MSACM32.dll
0x00007ff8b8830000 - 0x00007ff8b884f000 	C:\Users\memory\.javacpp\cache\opencv-3.4.1-1.4.1-windows-x86_64.jar\org\bytedeco\javacpp\windows-x86_64\jniopencv_videoio.dll
0x00007ff8cfde0000 - 0x00007ff8cfe79000 	C:\Windows\system32\uxtheme.dll
0x00007ff8d3400000 - 0x00007ff8d34a2000 	C:\Windows\System32\clbcatq.dll
0x00007ff8b8790000 - 0x00007ff8b87a8000 	C:\Windows\System32\devenum.dll
0x00007ff8d3df0000 - 0x00007ff8d4260000 	C:\Windows\System32\setupapi.dll
0x00007ff8d0a00000 - 0x00007ff8d0a31000 	C:\Windows\SYSTEM32\ntmarta.dll
0x00007ff8d1610000 - 0x00007ff8d163a000 	C:\Windows\SYSTEM32\DEVOBJ.dll
0x00007ff8c8330000 - 0x00007ff8c833b000 	C:\Windows\SYSTEM32\msdmo.dll
0x00007ff8b51c0000 - 0x00007ff8b51f4000 	C:\Windows\System32\qcap.dll
0x00007ff89c910000 - 0x00007ff89cad4000 	C:\Windows\System32\quartz.dll
0x00007ff8d34b0000 - 0x00007ff8d35e6000 	C:\Windows\System32\MSCTF.dll
0x00007ff8b5170000 - 0x00007ff8b51bc000 	C:\Windows\System32\mfksproxy.dll
0x00007ff8cf800000 - 0x00007ff8cf81c000 	C:\Windows\System32\ATL.DLL
0x00007ff8c3c10000 - 0x00007ff8c3e0a000 	C:\Windows\System32\MFPlat.DLL
0x00007ff8c3be0000 - 0x00007ff8c3c0f000 	C:\Windows\System32\RTWorkQ.DLL
0x00007ff8c31f0000 - 0x00007ff8c35dc000 	C:\Windows\System32\MFCORE.dll
0x00007ff8cfdc0000 - 0x00007ff8cfdc9000 	C:\Windows\System32\ksuser.dll
0x00007ff8ace80000 - 0x00007ff8aced5000 	C:\Windows\System32\FSClient.dll
0x00007ff8ceed0000 - 0x00007ff8cf12b000 	C:\Windows\System32\d3d11.dll
0x00007ff8d0540000 - 0x00007ff8d062b000 	C:\Windows\System32\dxgi.dll
0x00007ff8d04b0000 - 0x00007ff8d04d0000 	C:\Windows\SYSTEM32\dxcore.dll
0x00007ff8ace20000 - 0x00007ff8ace7c000 	C:\Windows\System32\MFSENSORGROUP.dll
0x00007ff8cebc0000 - 0x00007ff8cebca000 	C:\Windows\System32\AVRT.dll
0x00007ff8c7cd0000 - 0x00007ff8c7cdd000 	C:\Windows\System32\vidcap.ax
0x00007ff8b7610000 - 0x00007ff8b7636000 	C:\Windows\System32\kswdmcap.ax
0x00007ff89e870000 - 0x00007ff89e9d2000 	C:\Windows\System32\MFC42.dll
0x00007ff896cb0000 - 0x00007ff896de9000 	C:\Windows\System32\MFReadWrite.dll
0x00007ff8aa0d0000 - 0x00007ff8aa171000 	C:\Windows\System32\qedit.dll
0x00007ff8d4870000 - 0x00007ff8d4940000 	C:\Windows\System32\COMDLG32.dll
0x00007ff8b3440000 - 0x00007ff8b35e3000 	C:\Windows\WinSxS\amd64_microsoft.windows.gdiplus_6595b64144ccf1df_1.1.18362.693_none_17aca6a66da44e4e\gdiplus.dll
0x00007ff8afb00000 - 0x00007ff8afbf7000 	C:\Windows\System32\DDRAW.dll
0x00007ff8cb240000 - 0x00007ff8cb248000 	C:\Windows\System32\DCIMAN32.dll
0x00007ff8935f0000 - 0x00007ff893788000 	C:\Program Files\Java\jdk-14.0.1\bin\awt.dll
0x00007ff8cf680000 - 0x00007ff8cf70f000 	C:\Windows\SYSTEM32\apphelp.dll
0x00007ff8cfeb0000 - 0x00007ff8cfedd000 	C:\Windows\system32\DWMAPI.DLL
0x00007ff8a62c0000 - 0x00007ff8a6416000 	C:\Windows\system32\opengl32.dll
0x00007ff8bba30000 - 0x00007ff8bba5c000 	C:\Windows\SYSTEM32\GLU32.dll

dbghelp: loaded successfully - version: 4.0.5 - missing functions: none
symbol engine: initialized successfully - sym options: 0x614 - pdb path: .;C:\Program Files\Java\jdk-14.0.1\bin;C:\Windows\SYSTEM32;C:\Windows\WinSxS\amd64_microsoft.windows.common-controls_6595b64144ccf1df_6.0.18362.693_none_e6c1b3c11311d480;C:\Program Files\Java\jdk-14.0.1\bin\server;C:\Windows\Netease\UU;D:\IntelliJ IDEA 2019.3.5\bin;C:\Users\memory\.javacpp\cache\opencv-3.4.1-1.4.1-windows-x86_64.jar\org\bytedeco\javacpp\windows-x86_64;C:\Windows\WinSxS\amd64_microsoft.windows.gdiplus_6595b64144ccf1df_1.1.18362.693_none_17aca6a66da44e4e;C:\Windows\System32\DriverStore\FileRepository\u0352421.inf_amd64_2cefce61c756ed23\B352385

VM Arguments:
jvm_args: -javaagent:D:\IntelliJ IDEA 2019.3.5\lib\idea_rt.jar=60295:D:\IntelliJ IDEA 2019.3.5\bin -Dfile.encoding=UTF-8 
java_command: com.biye.demo.entity.TakePhotos
java_class_path (initial): C:\Program Files\Java\jdk-14.0.1;D:\bysheji\target\classes;D:\bysheji\lib\javax.jms.jar;D:\bysheji\lib\javax.resource.jar;D:\bysheji\lib\javax.ejb.jar;D:\bysheji\lib\javax.persistence.jar;C:\Users\memory\.m2\repository\org\springframework\boot\spring-boot-starter-web\2.2.5.RELEASE\spring-boot-starter-web-2.2.5.RELEASE.jar;C:\Users\memory\.m2\repository\org\springframework\boot\spring-boot-starter\2.2.5.RELEASE\spring-boot-starter-2.2.5.RELEASE.jar;C:\Users\memory\.m2\repository\org\springframework\boot\spring-boot-starter-logging\2.2.5.RELEASE\spring-boot-starter-logging-2.2.5.RELEASE.jar;C:\Users\memory\.m2\repository\ch\qos\logback\logback-classic\1.2.3\logback-classic-1.2.3.jar;C:\Users\memory\.m2\repository\ch\qos\logback\logback-core\1.2.3\logback-core-1.2.3.jar;C:\Users\memory\.m2\repository\org\apache\logging\log4j\log4j-to-slf4j\2.12.1\log4j-to-slf4j-2.12.1.jar;C:\Users\memory\.m2\repository\org\apache\logging\log4j\log4j-api\2.12.1\log4j-api-2.12.1.jar;C:\Users\memory\.m2\repository\org\slf4j\jul-to-slf4j\1.7.30\jul-to-slf4j-1.7.30.jar;C:\Users\memory\.m2\repository\jakarta\annotation\jakarta.annotation-api\1.3.5\jakarta.annotation-api-1.3.5.jar;C:\Users\memory\.m2\repository\org\yaml\snakeyaml\1.25\snakeyaml-1.25.jar;C:\Users\memory\.m2\repository\org\springframework\boot\spring-boot-starter-json\2.2.5.RELEASE\spring-boot-starter-json-2.2.5.RELEASE.jar;C:\Users\memory\.m2\repository\com\fasterxml\jackson\core\jackson-databind\2.10.2\jackson-databind-2.10.2.jar;C:\Users\memory\.m2\repository\com\fasterxml\jackson\core\jackson-annotations\2.10.2\jackson-annotations-2.10.2.jar;C:\Users\memory\.m2\repository\com\fasterxml\jackson\core\jackson-core\2.10.2\jackson-core-2.10.2.jar;C:\Users\memory\.m2\repository\com\fasterxml\jackson\datatype\jackson-datatype-jdk8\2.10.2\jackson-datatype-jdk8-2.10.2.jar;C:\Users\memory\.m2\repository\com\fasterxml\jackson\datatype\jackson-datatype-jsr310\2.10.2\jackson-datatype-jsr310-2.10.2.jar;C:\Use
Launcher Type: SUN_STANDARD

[Global flags]
     intx CICompilerCount                          = 4                                         {product} {ergonomic}
     uint ConcGCThreads                            = 3                                         {product} {ergonomic}
     uint G1ConcRefinementThreads                  = 10                                        {product} {ergonomic}
   size_t G1HeapRegionSize                         = 1048576                                   {product} {ergonomic}
    uintx GCDrainStackTargetSize                   = 64                                        {product} {ergonomic}
   size_t InitialHeapSize                          = 257949696                                 {product} {ergonomic}
   size_t MarkStackSize                            = 4194304                                   {product} {ergonomic}
   size_t MaxHeapSize                              = 4127195136                                {product} {ergonomic}
   size_t MaxNewSize                               = 2475687936                                {product} {ergonomic}
   size_t MinHeapDeltaBytes                        = 1048576                                   {product} {ergonomic}
   size_t MinHeapSize                              = 8388608                                   {product} {ergonomic}
    uintx NonNMethodCodeHeapSize                   = 5839372                                {pd product} {ergonomic}
    uintx NonProfiledCodeHeapSize                  = 122909434                              {pd product} {ergonomic}
    uintx ProfiledCodeHeapSize                     = 122909434                              {pd product} {ergonomic}
    uintx ReservedCodeCacheSize                    = 251658240                              {pd product} {ergonomic}
     bool SegmentedCodeCache                       = true                                      {product} {ergonomic}
   size_t SoftMaxHeapSize                          = 4127195136                             {manageable} {ergonomic}
     bool UseCompressedClassPointers               = true                                 {lp64_product} {ergonomic}
     bool UseCompressedOops                        = true                                 {lp64_product} {ergonomic}
     bool UseG1GC                                  = true                                      {product} {ergonomic}
     bool UseLargePagesIndividualAllocation        = false                                  {pd product} {ergonomic}

Logging:
Log output configuration:
 #0: stdout all=off uptime,level,tags
 #1: stderr all=off uptime,level,tags

Environment Variables:
JAVA_HOME=C:\Program Files\Java\jdk-14.0.1
CLASSPATH=.;%JAVA_HOME%\lib\dt.jar;%JAVA_HOME%\lib\tools.jar; 
PATH=C:\Windows\system32;C:\Windows;C:\Windows\System32\Wbem;C:\Windows\System32\WindowsPowerShell\v1.0\;C:\Windows\System32\OpenSSH\;C:\Program Files (x86)\NVIDIA Corporation\PhysX\Common;C:\Program Files\NVIDIA Corporation\NVIDIA NvDLISR;%JAVA_HOME%\bin;%JAVA_HOME%\jre\bin;C:\Users\memory\AppData\Local\Microsoft\WindowsApps;
USERNAME=memory
OS=Windows_NT
PROCESSOR_IDENTIFIER=AMD64 Family 23 Model 96 Stepping 1, AuthenticAMD



---------------  S Y S T E M  ---------------

OS: Windows 10 , 64 bit Build 18362 (10.0.18362.329)
OS uptime: 1 days 3:55 hours

CPU:total 12 (initial active 12) (12 cores per cpu, 2 threads per core) family 23 model 96 stepping 1, cmov, cx8, fxsr, mmx, sse, sse2, sse3, ssse3, sse4.1, sse4.2, popcnt, avx, avx2, aes, clmul, mmxext, 3dnowpref, lzcnt, sse4a, ht, tsc, tscinvbit, tscinv, bmi1, bmi2, adx, sha, fma

Memory: 4k page, system-wide physical 15741M (8913M free)
TotalPageFile size 18685M (AvailPageFile size 8721M)
current process WorkingSet (physical memory assigned to process): 420M, peak: 421M
current process commit charge ("private bytes"): 394M, peak: 421M

vm_info: Java HotSpot(TM) 64-Bit Server VM (14.0.1+7) for windows-amd64 JRE (14.0.1+7), built on Mar  5 2020 10:30:14 by "mach5one" with MS VC++ 15.9 (VS2017)

END.
